Arguments: 
  /usr/local/bin/node /usr/local/bin/yarn add global hexo

PATH: 
  /home/searene/apps/VSCode-linux-x64/bin:/home/searene/apps/anki-2.0.47/bin:/home/searene/apps/JetBrains/WebStorm-181.5540.11/bin:/home/searene/apps/JetBrains/idea-IU-181.5087.20/bin:/home/searene/apps/JetBrains/DataGrip-2018.1.5/bin/datagrip.sh:/home/searene/apps/JetBrains/pycharm-community-2018.1.4/bin/pycharm.sh:/home/searene/apps/JetBrains/android-studio/bin:/home/searene/apps/JetBrains/clion-2018.2.1/bin:/home/searene/bin:/home/searene/.local/bin:/usr/local/bin:/usr/bin:/bin:/usr/local/sbin:/usr/lib/jvm/default/bin:/usr/bin/site_perl:/usr/bin/vendor_perl:/usr/bin/core_perl:/home/searene/Android/Sdk/tools:/home/searene/Android/Sdk/tools/bin:/home/searene/Android/Sdk/platform-tools:/usr/lib/jvm/default/bin:/usr/bin/site_perl:/usr/bin/vendor_perl:/usr/bin/core_perl

Yarn version: 
  1.9.4

Node version: 
  10.0.0

Platform: 
  linux x64

Trace: 
  Error: ENOENT: no such file or directory, copyfile '/home/searene/.cache/yarn/v2/npm-is-number-2.1.0-01fcbbb393463a548f2f466cce16dece49db908f/LICENSE' -> '/home/searene/Documents/blog/node_modules/expand-range/node_modules/is-number/LICENSE'

npm manifest: 
  {
    "name": "hexo-site",
    "version": "0.0.0",
    "private": true,
    "hexo": {
      "version": "3.3.6"
    },
    "dependencies": {
      "hexo": "^3.2.0",
      "hexo-deployer-git": "^0.3.0",
      "hexo-generator-archive": "^0.1.4",
      "hexo-generator-category": "^0.1.3",
      "hexo-generator-cname": "^0.3.0",
      "hexo-generator-feed": "^1.2.2",
      "hexo-generator-index": "^0.2.0",
      "hexo-generator-json-content": "^3.0.1",
      "hexo-generator-tag": "^0.2.0",
      "hexo-renderer-ejs": "^0.2.0",
      "hexo-renderer-marked": "^0.2.10",
      "hexo-renderer-stylus": "^0.3.1",
      "hexo-server": "^0.2.0"
    },
    "devDependencies": {
      "browser-sync": "^2.18.11",
      "gulp": "^3.9.1"
    }
  }

yarn manifest: 
  No manifest

Lockfile: 
  No lockfile
