{"name":"hexo","hostname":"archLinux","pid":30034,"level":20,"msg":"Hexo version: \u001b[35m3.3.6\u001b[39m","time":"2017-11-26T08:25:30.241Z","v":0}
{"name":"hexo","hostname":"archLinux","pid":30034,"level":20,"msg":"Working directory: \u001b[35m~/Documents/blog/\u001b[39m","time":"2017-11-26T08:25:30.243Z","v":0}
{"name":"hexo","hostname":"archLinux","pid":30034,"level":20,"msg":"Config loaded: \u001b[35m~/Documents/blog/_config.yml\u001b[39m","time":"2017-11-26T08:25:30.300Z","v":0}
{"name":"hexo","hostname":"archLinux","pid":30034,"level":20,"msg":"Script loaded: \u001b[35mthemes/hueman/scripts/fancybox.js\u001b[39m","time":"2017-11-26T08:25:30.309Z","v":0}
{"name":"hexo","hostname":"archLinux","pid":30034,"level":20,"msg":"Script loaded: \u001b[35mthemes/hueman/scripts/excerpt.js\u001b[39m","time":"2017-11-26T08:25:30.310Z","v":0}
{"name":"hexo","hostname":"archLinux","pid":30034,"level":20,"msg":"Script loaded: \u001b[35mthemes/hueman/scripts/thumbnail.js\u001b[39m","time":"2017-11-26T08:25:30.310Z","v":0}
{"name":"hexo","hostname":"archLinux","pid":30034,"level":20,"msg":"Script loaded: \u001b[35mthemes/hueman/scripts/meta.js\u001b[39m","time":"2017-11-26T08:25:30.310Z","v":0}
{"name":"hexo","hostname":"archLinux","pid":30034,"level":20,"msg":"Plugin loaded: \u001b[35mhexo-generator-archive\u001b[39m","time":"2017-11-26T08:25:30.313Z","v":0}
{"name":"hexo","hostname":"archLinux","pid":30034,"level":20,"msg":"Plugin loaded: \u001b[35mhexo-deployer-git\u001b[39m","time":"2017-11-26T08:25:30.314Z","v":0}
{"name":"hexo","hostname":"archLinux","pid":30034,"level":20,"msg":"Plugin loaded: \u001b[35mhexo-generator-category\u001b[39m","time":"2017-11-26T08:25:30.315Z","v":0}
{"name":"hexo","hostname":"archLinux","pid":30034,"level":20,"msg":"Plugin loaded: \u001b[35mhexo-generator-cname\u001b[39m","time":"2017-11-26T08:25:30.316Z","v":0}
{"name":"hexo","hostname":"archLinux","pid":30034,"level":20,"msg":"Plugin loaded: \u001b[35mhexo-generator-index\u001b[39m","time":"2017-11-26T08:25:30.317Z","v":0}
{"name":"hexo","hostname":"archLinux","pid":30034,"level":20,"msg":"Plugin loaded: \u001b[35mhexo-generator-json-content\u001b[39m","time":"2017-11-26T08:25:30.327Z","v":0}
{"name":"hexo","hostname":"archLinux","pid":30034,"level":20,"msg":"Plugin loaded: \u001b[35mhexo-generator-tag\u001b[39m","time":"2017-11-26T08:25:30.328Z","v":0}
{"name":"hexo","hostname":"archLinux","pid":30034,"level":20,"msg":"Plugin loaded: \u001b[35mhexo-renderer-ejs\u001b[39m","time":"2017-11-26T08:25:30.330Z","v":0}
{"name":"hexo","hostname":"archLinux","pid":30034,"level":20,"msg":"Plugin loaded: \u001b[35mhexo-renderer-marked\u001b[39m","time":"2017-11-26T08:25:30.334Z","v":0}
{"name":"hexo","hostname":"archLinux","pid":30034,"level":20,"msg":"Plugin loaded: \u001b[35mhexo-renderer-stylus\u001b[39m","time":"2017-11-26T08:25:30.335Z","v":0}
{"name":"hexo","hostname":"archLinux","pid":30034,"level":20,"msg":"Plugin loaded: \u001b[35mhexo-server\u001b[39m","time":"2017-11-26T08:25:30.379Z","v":0}
{"name":"hexo","hostname":"archLinux","pid":30034,"level":20,"msg":"Loading database.","time":"2017-11-26T08:25:30.385Z","v":0}
{"name":"hexo","hostname":"archLinux","pid":30034,"level":30,"msg":"Start processing","time":"2017-11-26T08:25:30.542Z","v":0}
{"name":"hexo","hostname":"archLinux","pid":30034,"level":20,"msg":"Processed: \u001b[35m_drafts/Spark-Source-Code-Walkthrough.md\u001b[39m","time":"2017-11-26T08:25:30.721Z","v":0}
{"name":"hexo","hostname":"archLinux","pid":30034,"level":20,"msg":"Processed: \u001b[35mabout/index.md\u001b[39m","time":"2017-11-26T08:25:30.721Z","v":0}
{"name":"hexo","hostname":"archLinux","pid":30034,"level":20,"msg":"Processed: \u001b[35m_drafts/kafka-in-a-nutshell.md\u001b[39m","time":"2017-11-26T08:25:30.721Z","v":0}
{"name":"hexo","hostname":"archLinux","pid":30034,"level":20,"msg":"Processed: \u001b[35m_posts/An-Illustration-of-Various-Encoding-Schemes.md\u001b[39m","time":"2017-11-26T08:25:30.721Z","v":0}
{"name":"hexo","hostname":"archLinux","pid":30034,"level":20,"msg":"Processed: \u001b[35m_posts/Auto-Adjust-Brightness-On-Ubuntu-16-10-Using-Systemd.md\u001b[39m","time":"2017-11-26T08:25:30.721Z","v":0}
{"name":"hexo","hostname":"archLinux","pid":30034,"level":20,"msg":"Processed: \u001b[35m_posts/Batch-Insert-Into-MySQL-With-Python.md\u001b[39m","time":"2017-11-26T08:25:30.721Z","v":0}
{"name":"hexo","hostname":"archLinux","pid":30034,"level":20,"msg":"Processed: \u001b[35m_posts/Calculate-1-lambda-n-n.md\u001b[39m","time":"2017-11-26T08:25:30.721Z","v":0}
{"name":"hexo","hostname":"archLinux","pid":30034,"level":20,"msg":"Processed: \u001b[35m_posts/Cast-away-on-the-moon.md\u001b[39m","time":"2017-11-26T08:25:30.721Z","v":0}
{"name":"hexo","hostname":"archLinux","pid":30034,"level":20,"msg":"Processed: \u001b[35m_posts/Configure-Win7-Support-For-UTC.md\u001b[39m","time":"2017-11-26T08:25:30.721Z","v":0}
{"name":"hexo","hostname":"archLinux","pid":30034,"level":20,"msg":"Processed: \u001b[35m_posts/Fix-The-Font-Rendering-Problem-In-Pycharm.md\u001b[39m","time":"2017-11-26T08:25:30.721Z","v":0}
{"name":"hexo","hostname":"archLinux","pid":30034,"level":20,"msg":"Processed: \u001b[35m_posts/GoldenDictMedia.md\u001b[39m","time":"2017-11-26T08:25:30.721Z","v":0}
{"name":"hexo","hostname":"archLinux","pid":30034,"level":20,"msg":"Processed: \u001b[35m_posts/I-arrived-in-Hangzhou-yesterday.md\u001b[39m","time":"2017-11-26T08:25:30.721Z","v":0}
{"name":"hexo","hostname":"archLinux","pid":30034,"level":20,"msg":"Processed: \u001b[35m_posts/Hadoop-Internals-Configuration.md\u001b[39m","time":"2017-11-26T08:25:30.721Z","v":0}
{"name":"hexo","hostname":"archLinux","pid":30034,"level":20,"msg":"Processed: \u001b[35m_posts/I-started-programming-and-running-today.md\u001b[39m","time":"2017-11-26T08:25:30.721Z","v":0}
{"name":"hexo","hostname":"archLinux","pid":30034,"level":20,"msg":"Processed: \u001b[35m_posts/I-struggled-to-finish-my-tasks-today.md\u001b[39m","time":"2017-11-26T08:25:30.721Z","v":0}
{"name":"hexo","hostname":"archLinux","pid":30034,"level":20,"msg":"Processed: \u001b[35m_posts/I-finished-reading-The-catcher-in-the-rhy.md\u001b[39m","time":"2017-11-26T08:25:30.722Z","v":0}
{"name":"hexo","hostname":"archLinux","pid":30034,"level":20,"msg":"Processed: \u001b[35m_posts/ImageResizer-an-anki-addon-to-resize-images.md\u001b[39m","time":"2017-11-26T08:25:30.722Z","v":0}
{"name":"hexo","hostname":"archLinux","pid":30034,"level":20,"msg":"Processed: \u001b[35m_posts/I-still-didn-t-go-jogging-today.md\u001b[39m","time":"2017-11-26T08:25:30.722Z","v":0}
{"name":"hexo","hostname":"archLinux","pid":30034,"level":20,"msg":"Processed: \u001b[35m_posts/Hexo-Source-Code-Demystified.md\u001b[39m","time":"2017-11-26T08:25:30.722Z","v":0}
{"name":"hexo","hostname":"archLinux","pid":30034,"level":20,"msg":"Processed: \u001b[35m_posts/Install-fcitx-on-ubuntu-16-10.md\u001b[39m","time":"2017-11-26T08:25:30.722Z","v":0}
{"name":"hexo","hostname":"archLinux","pid":30034,"level":20,"msg":"Processed: \u001b[35m_posts/It-s-pretty-hard-to-concentrate-these-days.md\u001b[39m","time":"2017-11-26T08:25:30.722Z","v":0}
{"name":"hexo","hostname":"archLinux","pid":30034,"level":20,"msg":"Processed: \u001b[35m_posts/Inheritance-in-Javascript.md\u001b[39m","time":"2017-11-26T08:25:30.722Z","v":0}
{"name":"hexo","hostname":"archLinux","pid":30034,"level":20,"msg":"Processed: \u001b[35m_posts/Leetcode-Combination-Sum-II.md\u001b[39m","time":"2017-11-26T08:25:30.722Z","v":0}
{"name":"hexo","hostname":"archLinux","pid":30034,"level":20,"msg":"Processed: \u001b[35m_posts/Midnight.md\u001b[39m","time":"2017-11-26T08:25:30.722Z","v":0}
{"name":"hexo","hostname":"archLinux","pid":30034,"level":20,"msg":"Processed: \u001b[35m_posts/Proof-of-limit-f-x-g-x-c-d.md\u001b[39m","time":"2017-11-26T08:25:30.722Z","v":0}
{"name":"hexo","hostname":"archLinux","pid":30034,"level":20,"msg":"Processed: \u001b[35m_posts/Let-hexo-support-mathjax.md\u001b[39m","time":"2017-11-26T08:25:30.723Z","v":0}
{"name":"hexo","hostname":"archLinux","pid":30034,"level":20,"msg":"Processed: \u001b[35m_posts/PurgeAttributes-an-Anki-addon-to-purge-unnecessary-attributes.md\u001b[39m","time":"2017-11-26T08:25:30.723Z","v":0}
{"name":"hexo","hostname":"archLinux","pid":30034,"level":20,"msg":"Processed: \u001b[35m_posts/Proof-of-the-limit-s-composition-law-when-x-approaches-infinity.md\u001b[39m","time":"2017-11-26T08:25:30.723Z","v":0}
{"name":"hexo","hostname":"archLinux","pid":30034,"level":20,"msg":"Processed: \u001b[35m_posts/Right-associativity-in-Scala.md\u001b[39m","time":"2017-11-26T08:25:30.723Z","v":0}
{"name":"hexo","hostname":"archLinux","pid":30034,"level":20,"msg":"Processed: \u001b[35m_posts/Some-Linux_Commands.md\u001b[39m","time":"2017-11-26T08:25:30.723Z","v":0}
{"name":"hexo","hostname":"archLinux","pid":30034,"level":20,"msg":"Processed: \u001b[35m_posts/Something-About-Dnsmasq-On-Ubuntu-15-10.md\u001b[39m","time":"2017-11-26T08:25:30.723Z","v":0}
{"name":"hexo","hostname":"archLinux","pid":30034,"level":20,"msg":"Processed: \u001b[35m_posts/Specify-Port-For-Hexo-Git-Deployment.md\u001b[39m","time":"2017-11-26T08:25:30.723Z","v":0}
{"name":"hexo","hostname":"archLinux","pid":30034,"level":20,"msg":"Processed: \u001b[35m_posts/Super-CapsLock-On-Ubuntu-16-10.md\u001b[39m","time":"2017-11-26T08:25:30.723Z","v":0}
{"name":"hexo","hostname":"archLinux","pid":30034,"level":20,"msg":"Processed: \u001b[35m_posts/Switch-CapsLock-And-Esc-And-Take-CapsLock-As-Control-When-It-Is-Pressed.md\u001b[39m","time":"2017-11-26T08:25:30.723Z","v":0}
{"name":"hexo","hostname":"archLinux","pid":30034,"level":20,"msg":"Processed: \u001b[35m_posts/Serialization-and-Deserialization-in-Java.md\u001b[39m","time":"2017-11-26T08:25:30.723Z","v":0}
{"name":"hexo","hostname":"archLinux","pid":30034,"level":20,"msg":"Processed: \u001b[35m_posts/The-empty-set-is-the-subset-of-any-set.md\u001b[39m","time":"2017-11-26T08:25:30.723Z","v":0}
{"name":"hexo","hostname":"archLinux","pid":30034,"level":20,"msg":"Processed: \u001b[35m_posts/The-difference-between-wait-and-sleep.md\u001b[39m","time":"2017-11-26T08:25:30.723Z","v":0}
{"name":"hexo","hostname":"archLinux","pid":30034,"level":20,"msg":"Processed: \u001b[35m_posts/The-fee-paid-to-freelancer-is-not-refundable.md\u001b[39m","time":"2017-11-26T08:25:30.723Z","v":0}
{"name":"hexo","hostname":"archLinux","pid":30034,"level":20,"msg":"Processed: \u001b[35m_posts/Ubuntu-crashes-when-entering-or-exiting-fullscreen-while-watching-youtube-videos.md\u001b[39m","time":"2017-11-26T08:25:30.723Z","v":0}
{"name":"hexo","hostname":"archLinux","pid":30034,"level":20,"msg":"Processed: \u001b[35m_posts/The-difference-between-a-case-class-and-a-normal-class-in-Scala.md\u001b[39m","time":"2017-11-26T08:25:30.723Z","v":0}
{"name":"hexo","hostname":"archLinux","pid":30034,"level":20,"msg":"Processed: \u001b[35m_posts/When-and-how-to-use-InheritableThreadLocal.md\u001b[39m","time":"2017-11-26T08:25:30.723Z","v":0}
{"name":"hexo","hostname":"archLinux","pid":30034,"level":20,"msg":"Processed: \u001b[35m_posts/Where-to-go.md\u001b[39m","time":"2017-11-26T08:25:30.723Z","v":0}
{"name":"hexo","hostname":"archLinux","pid":30034,"level":20,"msg":"Processed: \u001b[35m_posts/WriteToDisk.md\u001b[39m","time":"2017-11-26T08:25:30.724Z","v":0}
{"name":"hexo","hostname":"archLinux","pid":30034,"level":20,"msg":"Processed: \u001b[35m_posts/Why-is-Kafka-so-fast.md\u001b[39m","time":"2017-11-26T08:25:30.724Z","v":0}
{"name":"hexo","hostname":"archLinux","pid":30034,"level":20,"msg":"Processed: \u001b[35m_posts/beautify-i3wm.md\u001b[39m","time":"2017-11-26T08:25:30.724Z","v":0}
{"name":"hexo","hostname":"archLinux","pid":30034,"level":20,"msg":"Processed: \u001b[35m_posts/Understanding-poisson-distribution.md\u001b[39m","time":"2017-11-26T08:25:30.724Z","v":0}
{"name":"hexo","hostname":"archLinux","pid":30034,"level":20,"msg":"Processed: \u001b[35m_posts/auto-save-in-vim.md\u001b[39m","time":"2017-11-26T08:25:30.724Z","v":0}
{"name":"hexo","hostname":"archLinux","pid":30034,"level":20,"msg":"Processed: \u001b[35m_posts/bittorrent-sync.md\u001b[39m","time":"2017-11-26T08:25:30.724Z","v":0}
{"name":"hexo","hostname":"archLinux","pid":30034,"level":20,"msg":"Processed: \u001b[35m_posts/change-openwrt-source-to-UTSC.md\u001b[39m","time":"2017-11-26T08:25:30.724Z","v":0}
{"name":"hexo","hostname":"archLinux","pid":30034,"level":20,"msg":"Processed: \u001b[35m_posts/connect-to-wifi-via-commandline-on-arch.md\u001b[39m","time":"2017-11-26T08:25:30.724Z","v":0}
{"name":"hexo","hostname":"archLinux","pid":30034,"level":20,"msg":"Processed: \u001b[35m_posts/django-db-utils-IntegrityError-duplicate-key-value-violates-unique-constraint.md\u001b[39m","time":"2017-11-26T08:25:30.724Z","v":0}
{"name":"hexo","hostname":"archLinux","pid":30034,"level":20,"msg":"Processed: \u001b[35m_posts/install-flash-plugin-in-firefox-on-arch-linux.md\u001b[39m","time":"2017-11-26T08:25:30.724Z","v":0}
{"name":"hexo","hostname":"archLinux","pid":30034,"level":20,"msg":"Processed: \u001b[35m_posts/get-selected-text-in-chrome.md\u001b[39m","time":"2017-11-26T08:25:30.724Z","v":0}
{"name":"hexo","hostname":"archLinux","pid":30034,"level":20,"msg":"Processed: \u001b[35m_posts/enlarge-the-size-of-a-vdi-of-virtualbox.md\u001b[39m","time":"2017-11-26T08:25:30.724Z","v":0}
{"name":"hexo","hostname":"archLinux","pid":30034,"level":20,"msg":"Processed: \u001b[35m_posts/learn-redirection-the-hard-way.md\u001b[39m","time":"2017-11-26T08:25:30.724Z","v":0}
{"name":"hexo","hostname":"archLinux","pid":30034,"level":20,"msg":"Processed: \u001b[35m_posts/kafka-in-a-nutshell.md\u001b[39m","time":"2017-11-26T08:25:30.724Z","v":0}
{"name":"hexo","hostname":"archLinux","pid":30034,"level":20,"msg":"Processed: \u001b[35m_posts/my-new-goals-and-my-new-life.md\u001b[39m","time":"2017-11-26T08:25:30.724Z","v":0}
{"name":"hexo","hostname":"archLinux","pid":30034,"level":20,"msg":"Processed: \u001b[35m_posts/map-Ctrl-V-as-Ctrl-Q-in-vim.md\u001b[39m","time":"2017-11-26T08:25:30.726Z","v":0}
{"name":"hexo","hostname":"archLinux","pid":30034,"level":20,"msg":"Processed: \u001b[35m_posts/newInstance-in-Java.md\u001b[39m","time":"2017-11-26T08:25:30.726Z","v":0}
{"name":"hexo","hostname":"archLinux","pid":30034,"level":20,"msg":"Processed: \u001b[35m_posts/new-task.md\u001b[39m","time":"2017-11-26T08:25:30.726Z","v":0}
{"name":"hexo","hostname":"archLinux","pid":30034,"level":20,"msg":"Processed: \u001b[35m_posts/make-fcitx-work-in-sublime-text-3.md\u001b[39m","time":"2017-11-26T08:25:30.726Z","v":0}
{"name":"hexo","hostname":"archLinux","pid":30034,"level":20,"msg":"Processed: \u001b[35m_posts/backup-script.md\u001b[39m","time":"2017-11-26T08:25:30.726Z","v":0}
{"name":"hexo","hostname":"archLinux","pid":30034,"level":20,"msg":"Processed: \u001b[35m_posts/rc-local-stopped-running-when-an-error-occurred.md\u001b[39m","time":"2017-11-26T08:25:30.726Z","v":0}
{"name":"hexo","hostname":"archLinux","pid":30034,"level":20,"msg":"Processed: \u001b[35m_posts/shorten-a-string-without-cutting-words.md\u001b[39m","time":"2017-11-26T08:25:30.726Z","v":0}
{"name":"hexo","hostname":"archLinux","pid":30034,"level":20,"msg":"Processed: \u001b[35m_posts/re-embrace-hexo-and-hueman.md\u001b[39m","time":"2017-11-26T08:25:30.726Z","v":0}
{"name":"hexo","hostname":"archLinux","pid":30034,"level":20,"msg":"Processed: \u001b[35m_posts/watched-alien-2-today.md\u001b[39m","time":"2017-11-26T08:25:30.726Z","v":0}
{"name":"hexo","hostname":"archLinux","pid":30034,"level":20,"msg":"Processed: \u001b[35m_posts/set-up-a-git-server-to-deploy-with-hexo.md\u001b[39m","time":"2017-11-26T08:25:30.726Z","v":0}
{"name":"hexo","hostname":"archLinux","pid":30034,"level":20,"msg":"Processed: \u001b[35m_posts/what-does-this-refer-to-in-javascript.md\u001b[39m","time":"2017-11-26T08:25:30.726Z","v":0}
{"name":"hexo","hostname":"archLinux","pid":30034,"level":20,"msg":"Processed: \u001b[35m_posts/the-machanism-of-garbage-collectors-in-Java.md\u001b[39m","time":"2017-11-26T08:25:30.726Z","v":0}
{"name":"hexo","hostname":"archLinux","pid":30034,"level":20,"msg":"Processed: \u001b[35m_posts/使用深度学习来判断代码语言.md\u001b[39m","time":"2017-11-26T08:25:30.726Z","v":0}
{"name":"hexo","hostname":"archLinux","pid":30034,"level":20,"msg":"Processed: \u001b[35mimages/Inheritance in Javascript.svg\u001b[39m","time":"2017-11-26T08:25:30.731Z","v":0}
{"name":"hexo","hostname":"archLinux","pid":30034,"level":20,"msg":"Processed: \u001b[35mimages/Serialization and Deserialization in Java (1).svg\u001b[39m","time":"2017-11-26T08:25:30.732Z","v":0}
{"name":"hexo","hostname":"archLinux","pid":30034,"level":20,"msg":"Processed: \u001b[35mimages/Blog_Trash-1.jpg\u001b[39m","time":"2017-11-26T08:25:30.732Z","v":0}
{"name":"hexo","hostname":"archLinux","pid":30034,"level":20,"msg":"Processed: \u001b[35mimages/Inheritance-in-Javascript.svg\u001b[39m","time":"2017-11-26T08:25:30.732Z","v":0}
{"name":"hexo","hostname":"archLinux","pid":30034,"level":20,"msg":"Processed: \u001b[35mimages/Inheritance-in-Javascript-1.png\u001b[39m","time":"2017-11-26T08:25:30.732Z","v":0}
{"name":"hexo","hostname":"archLinux","pid":30034,"level":20,"msg":"Processed: \u001b[35mimages/Serialization and Deserialization in Java.svg\u001b[39m","time":"2017-11-26T08:25:30.733Z","v":0}
{"name":"hexo","hostname":"archLinux","pid":30034,"level":20,"msg":"Processed: \u001b[35mimages/Serialization-and-Deserialization-in-Java-1.svg\u001b[39m","time":"2017-11-26T08:25:30.733Z","v":0}
{"name":"hexo","hostname":"archLinux","pid":30034,"level":20,"msg":"Processed: \u001b[35mimages/Serialization-and-Deserialization-in-Java.svg\u001b[39m","time":"2017-11-26T08:25:30.733Z","v":0}
{"name":"hexo","hostname":"archLinux","pid":30034,"level":20,"msg":"Processed: \u001b[35mimages/The-Machanism-of-Garbage-Collectors-in-Java-1.png\u001b[39m","time":"2017-11-26T08:25:30.733Z","v":0}
{"name":"hexo","hostname":"archLinux","pid":30034,"level":20,"msg":"Processed: \u001b[35mimages/The-Machanism-of-Garbage-Collectors-in-Java-4.png\u001b[39m","time":"2017-11-26T08:25:30.733Z","v":0}
{"name":"hexo","hostname":"archLinux","pid":30034,"level":20,"msg":"Processed: \u001b[35mimages/Math_Business_sm.jpg\u001b[39m","time":"2017-11-26T08:25:30.733Z","v":0}
{"name":"hexo","hostname":"archLinux","pid":30034,"level":20,"msg":"Processed: \u001b[35mimages/The-Machanism-of-Garbage-Collectors-in-Java-3.png\u001b[39m","time":"2017-11-26T08:25:30.733Z","v":0}
{"name":"hexo","hostname":"archLinux","pid":30034,"level":20,"msg":"Processed: \u001b[35mimages/The-Machanism-of-Garbage-Collectors-in-Java.png\u001b[39m","time":"2017-11-26T08:25:30.734Z","v":0}
{"name":"hexo","hostname":"archLinux","pid":30034,"level":20,"msg":"Processed: \u001b[35mimages/brightness.jpg\u001b[39m","time":"2017-11-26T08:25:30.734Z","v":0}
{"name":"hexo","hostname":"archLinux","pid":30034,"level":20,"msg":"Processed: \u001b[35mimages/cast-away-on-the-moon.jpg\u001b[39m","time":"2017-11-26T08:25:30.734Z","v":0}
{"name":"hexo","hostname":"archLinux","pid":30034,"level":20,"msg":"Processed: \u001b[35mimages/capslock.jpg\u001b[39m","time":"2017-11-26T08:25:30.735Z","v":0}
{"name":"hexo","hostname":"archLinux","pid":30034,"level":20,"msg":"Processed: \u001b[35mimages/commit-log.svg\u001b[39m","time":"2017-11-26T08:25:30.735Z","v":0}
{"name":"hexo","hostname":"archLinux","pid":30034,"level":20,"msg":"Processed: \u001b[35mimages/fast.png\u001b[39m","time":"2017-11-26T08:25:30.754Z","v":0}
{"name":"hexo","hostname":"archLinux","pid":30034,"level":20,"msg":"Processed: \u001b[35mimages/comparison-between-disk-and-memory.jpg\u001b[39m","time":"2017-11-26T08:25:30.755Z","v":0}
{"name":"hexo","hostname":"archLinux","pid":30034,"level":20,"msg":"Processed: \u001b[35mimages/i3.png\u001b[39m","time":"2017-11-26T08:25:30.755Z","v":0}
{"name":"hexo","hostname":"archLinux","pid":30034,"level":20,"msg":"Processed: \u001b[35mimages/inherit.jpg\u001b[39m","time":"2017-11-26T08:25:30.756Z","v":0}
{"name":"hexo","hostname":"archLinux","pid":30034,"level":20,"msg":"Processed: \u001b[35mimages/leader and follower.svg\u001b[39m","time":"2017-11-26T08:25:30.756Z","v":0}
{"name":"hexo","hostname":"archLinux","pid":30034,"level":20,"msg":"Processed: \u001b[35mimages/inheritance.png\u001b[39m","time":"2017-11-26T08:25:30.756Z","v":0}
{"name":"hexo","hostname":"archLinux","pid":30034,"level":20,"msg":"Processed: \u001b[35mimages/kafka-logo-wide.png\u001b[39m","time":"2017-11-26T08:25:30.756Z","v":0}
{"name":"hexo","hostname":"archLinux","pid":30034,"level":20,"msg":"Processed: \u001b[35mimages/new-bingo-sites.png\u001b[39m","time":"2017-11-26T08:25:30.756Z","v":0}
{"name":"hexo","hostname":"archLinux","pid":30034,"level":20,"msg":"Processed: \u001b[35mimages/main-class-output.png\u001b[39m","time":"2017-11-26T08:25:30.756Z","v":0}
{"name":"hexo","hostname":"archLinux","pid":30034,"level":20,"msg":"Processed: \u001b[35mimages/no-zero-copy.png\u001b[39m","time":"2017-11-26T08:25:30.756Z","v":0}
{"name":"hexo","hostname":"archLinux","pid":30034,"level":20,"msg":"Processed: \u001b[35mimages/receive-at-least-once-exception.svg\u001b[39m","time":"2017-11-26T08:25:30.757Z","v":0}
{"name":"hexo","hostname":"archLinux","pid":30034,"level":20,"msg":"Processed: \u001b[35mimages/receive-at-least-once.svg\u001b[39m","time":"2017-11-26T08:25:30.757Z","v":0}
{"name":"hexo","hostname":"archLinux","pid":30034,"level":20,"msg":"Processed: \u001b[35mimages/producer-consumer.svg\u001b[39m","time":"2017-11-26T08:25:30.757Z","v":0}
{"name":"hexo","hostname":"archLinux","pid":30034,"level":20,"msg":"Processed: \u001b[35mimages/receive-at-most-once-exception.svg\u001b[39m","time":"2017-11-26T08:25:30.757Z","v":0}
{"name":"hexo","hostname":"archLinux","pid":30034,"level":20,"msg":"Processed: \u001b[35mimages/replicate.svg\u001b[39m","time":"2017-11-26T08:25:30.757Z","v":0}
{"name":"hexo","hostname":"archLinux","pid":30034,"level":20,"msg":"Processed: \u001b[35mimages/passenger-law.jpg\u001b[39m","time":"2017-11-26T08:25:30.757Z","v":0}
{"name":"hexo","hostname":"archLinux","pid":30034,"level":20,"msg":"Processed: \u001b[35mimages/return-immediately.svg\u001b[39m","time":"2017-11-26T08:25:30.758Z","v":0}
{"name":"hexo","hostname":"archLinux","pid":30034,"level":20,"msg":"Processed: \u001b[35mimages/receive-at-most-once.svg\u001b[39m","time":"2017-11-26T08:25:30.758Z","v":0}
{"name":"hexo","hostname":"archLinux","pid":30034,"level":20,"msg":"Processed: \u001b[35mimages/serialization.jpg\u001b[39m","time":"2017-11-26T08:25:30.758Z","v":0}
{"name":"hexo","hostname":"archLinux","pid":30034,"level":20,"msg":"Processed: \u001b[35mimages/scala-logo.png\u001b[39m","time":"2017-11-26T08:25:30.758Z","v":0}
{"name":"hexo","hostname":"archLinux","pid":30034,"level":20,"msg":"Processed: \u001b[35mimages/openwrt.png\u001b[39m","time":"2017-11-26T08:25:30.758Z","v":0}
{"name":"hexo","hostname":"archLinux","pid":30034,"level":20,"msg":"Processed: \u001b[35mimages/sleep.jpg\u001b[39m","time":"2017-11-26T08:25:30.758Z","v":0}
{"name":"hexo","hostname":"archLinux","pid":30034,"level":20,"msg":"Processed: \u001b[35mimages/systemd.jpg\u001b[39m","time":"2017-11-26T08:25:30.759Z","v":0}
{"name":"hexo","hostname":"archLinux","pid":30034,"level":20,"msg":"Processed: \u001b[35mimages/smart.jpg\u001b[39m","time":"2017-11-26T08:25:30.759Z","v":0}
{"name":"hexo","hostname":"archLinux","pid":30034,"level":20,"msg":"Processed: \u001b[35mimages/topic-partition-offset.svg\u001b[39m","time":"2017-11-26T08:25:30.759Z","v":0}
{"name":"hexo","hostname":"archLinux","pid":30034,"level":20,"msg":"Processed: \u001b[35mimages/wait-for-all.svg\u001b[39m","time":"2017-11-26T08:25:30.760Z","v":0}
{"name":"hexo","hostname":"archLinux","pid":30034,"level":20,"msg":"Processed: \u001b[35mimages/wait-for-leader.svg\u001b[39m","time":"2017-11-26T08:25:30.760Z","v":0}
{"name":"hexo","hostname":"archLinux","pid":30034,"level":20,"msg":"Processed: \u001b[35mimages/where.jpg\u001b[39m","time":"2017-11-26T08:25:30.760Z","v":0}
{"name":"hexo","hostname":"archLinux","pid":30034,"level":20,"msg":"Processed: \u001b[35mimages/zero-copy.png\u001b[39m","time":"2017-11-26T08:25:30.760Z","v":0}
{"name":"hexo","hostname":"archLinux","pid":30034,"level":20,"msg":"Processed: \u001b[35mimages/y=1_over_x.png\u001b[39m","time":"2017-11-26T08:25:30.760Z","v":0}
{"name":"hexo","hostname":"archLinux","pid":30034,"level":20,"msg":"Processed: \u001b[35mimages/xl-2017-linux-1.jpg\u001b[39m","time":"2017-11-26T08:25:30.760Z","v":0}
{"name":"hexo","hostname":"archLinux","pid":30034,"level":20,"msg":"Processed: \u001b[35mimages/This-Guy-Rocks1.jpg\u001b[39m","time":"2017-11-26T08:25:30.760Z","v":0}
{"name":"hexo","hostname":"archLinux","pid":30034,"level":20,"msg":"Processed: \u001b[35mimages/call.jpg\u001b[39m","time":"2017-11-26T08:25:30.760Z","v":0}
{"name":"hexo","hostname":"archLinux","pid":30034,"level":20,"msg":"Processed: \u001b[35mimages/do-the-right-thing.jpg\u001b[39m","time":"2017-11-26T08:25:30.769Z","v":0}
{"name":"hexo","hostname":"archLinux","pid":30034,"level":20,"msg":"Processed: \u001b[35mimages/empty.jpg\u001b[39m","time":"2017-11-26T08:25:30.769Z","v":0}
{"name":"hexo","hostname":"archLinux","pid":30034,"level":20,"msg":"Processed: \u001b[35mimages/combination.jpg\u001b[39m","time":"2017-11-26T08:25:30.769Z","v":0}
{"name":"hexo","hostname":"archLinux","pid":30034,"level":20,"msg":"Processed: \u001b[35mimages/green-lit-numbers.jpg\u001b[39m","time":"2017-11-26T08:25:30.769Z","v":0}
{"name":"hexo","hostname":"archLinux","pid":30034,"level":20,"msg":"Processed: \u001b[35mimages/hadoop.png\u001b[39m","time":"2017-11-26T08:25:30.769Z","v":0}
{"name":"hexo","hostname":"archLinux","pid":30034,"level":20,"msg":"Theme config loaded.","time":"2017-11-26T08:25:30.778Z","v":0}
{"name":"hexo","hostname":"archLinux","pid":30034,"level":20,"msg":"Processed: \u001b[35m_config.yml\u001b[39m","time":"2017-11-26T08:25:30.779Z","v":0}
{"name":"hexo","hostname":"archLinux","pid":30034,"level":20,"msg":"Processed: \u001b[35mimages/input.png\u001b[39m","time":"2017-11-26T08:25:30.779Z","v":0}
{"name":"hexo","hostname":"archLinux","pid":30034,"level":20,"msg":"Processed: \u001b[35mimages/refund.png\u001b[39m","time":"2017-11-26T08:25:30.779Z","v":0}
{"name":"hexo","hostname":"archLinux","pid":30034,"level":20,"msg":"Processed: \u001b[35msource/css/style.styl\u001b[39m","time":"2017-11-26T08:25:30.779Z","v":0}
{"name":"hexo","hostname":"archLinux","pid":30034,"level":20,"msg":"Processed: \u001b[35msource/js/main.js\u001b[39m","time":"2017-11-26T08:25:30.779Z","v":0}
{"name":"hexo","hostname":"archLinux","pid":30034,"level":20,"msg":"Processed: \u001b[35msource/js/insight.js\u001b[39m","time":"2017-11-26T08:25:30.779Z","v":0}
{"name":"hexo","hostname":"archLinux","pid":30034,"level":20,"msg":"Processed: \u001b[35mimages/plane.png\u001b[39m","time":"2017-11-26T08:25:30.784Z","v":0}
{"name":"hexo","hostname":"archLinux","pid":30034,"level":20,"msg":"Processed: \u001b[35mimages/time.jpg\u001b[39m","time":"2017-11-26T08:25:30.784Z","v":0}
{"name":"hexo","hostname":"archLinux","pid":30034,"level":20,"msg":"Processed: \u001b[35mlayout/archive.ejs\u001b[39m","time":"2017-11-26T08:25:30.792Z","v":0}
{"name":"hexo","hostname":"archLinux","pid":30034,"level":20,"msg":"Processed: \u001b[35mlayout/category.ejs\u001b[39m","time":"2017-11-26T08:25:30.793Z","v":0}
{"name":"hexo","hostname":"archLinux","pid":30034,"level":20,"msg":"Processed: \u001b[35mlayout/index.ejs\u001b[39m","time":"2017-11-26T08:25:30.793Z","v":0}
{"name":"hexo","hostname":"archLinux","pid":30034,"level":20,"msg":"Processed: \u001b[35mlayout/page.ejs\u001b[39m","time":"2017-11-26T08:25:30.793Z","v":0}
{"name":"hexo","hostname":"archLinux","pid":30034,"level":20,"msg":"Processed: \u001b[35mlayout/layout.ejs\u001b[39m","time":"2017-11-26T08:25:30.793Z","v":0}
{"name":"hexo","hostname":"archLinux","pid":30034,"level":20,"msg":"Processed: \u001b[35mlayout/post.ejs\u001b[39m","time":"2017-11-26T08:25:30.793Z","v":0}
{"name":"hexo","hostname":"archLinux","pid":30034,"level":20,"msg":"Processed: \u001b[35mlayout/tag.ejs\u001b[39m","time":"2017-11-26T08:25:30.793Z","v":0}
{"name":"hexo","hostname":"archLinux","pid":30034,"level":20,"msg":"Processed: \u001b[35mlanguages/ca.yml\u001b[39m","time":"2017-11-26T08:25:30.800Z","v":0}
{"name":"hexo","hostname":"archLinux","pid":30034,"level":20,"msg":"Processed: \u001b[35mlanguages/en.yml\u001b[39m","time":"2017-11-26T08:25:30.800Z","v":0}
{"name":"hexo","hostname":"archLinux","pid":30034,"level":20,"msg":"Processed: \u001b[35mlanguages/fr.yml\u001b[39m","time":"2017-11-26T08:25:30.800Z","v":0}
{"name":"hexo","hostname":"archLinux","pid":30034,"level":20,"msg":"Processed: \u001b[35mlanguages/es.yml\u001b[39m","time":"2017-11-26T08:25:30.800Z","v":0}
{"name":"hexo","hostname":"archLinux","pid":30034,"level":20,"msg":"Processed: \u001b[35mlanguages/pt-BR.yml\u001b[39m","time":"2017-11-26T08:25:30.800Z","v":0}
{"name":"hexo","hostname":"archLinux","pid":30034,"level":20,"msg":"Processed: \u001b[35mlanguages/ru.yml\u001b[39m","time":"2017-11-26T08:25:30.800Z","v":0}
{"name":"hexo","hostname":"archLinux","pid":30034,"level":20,"msg":"Processed: \u001b[35mlanguages/id.yml\u001b[39m","time":"2017-11-26T08:25:30.800Z","v":0}
{"name":"hexo","hostname":"archLinux","pid":30034,"level":20,"msg":"Processed: \u001b[35mlanguages/zh-CN.yml\u001b[39m","time":"2017-11-26T08:25:30.801Z","v":0}
{"name":"hexo","hostname":"archLinux","pid":30034,"level":20,"msg":"Processed: \u001b[35mimages/mathjax.png\u001b[39m","time":"2017-11-26T08:25:30.802Z","v":0}
{"name":"hexo","hostname":"archLinux","pid":30034,"level":20,"msg":"Processed: \u001b[35msource/css/images/logo-header.png\u001b[39m","time":"2017-11-26T08:25:30.804Z","v":0}
{"name":"hexo","hostname":"archLinux","pid":30034,"level":20,"msg":"Processed: \u001b[35msource/css/images/opacity-10.png\u001b[39m","time":"2017-11-26T08:25:30.806Z","v":0}
{"name":"hexo","hostname":"archLinux","pid":30034,"level":20,"msg":"Processed: \u001b[35msource/css/images/s-left.png\u001b[39m","time":"2017-11-26T08:25:30.806Z","v":0}
{"name":"hexo","hostname":"archLinux","pid":30034,"level":20,"msg":"Processed: \u001b[35msource/css/images/thumb-default-small.png\u001b[39m","time":"2017-11-26T08:25:30.806Z","v":0}
{"name":"hexo","hostname":"archLinux","pid":30034,"level":20,"msg":"Processed: \u001b[35msource/css/images/thumb-default.png\u001b[39m","time":"2017-11-26T08:25:30.806Z","v":0}
{"name":"hexo","hostname":"archLinux","pid":30034,"level":20,"msg":"Processed: \u001b[35msource/vendor/fancybox/blank.gif\u001b[39m","time":"2017-11-26T08:25:30.806Z","v":0}
{"name":"hexo","hostname":"archLinux","pid":30034,"level":20,"msg":"Processed: \u001b[35msource/vendor/fancybox/fancybox_loading.gif\u001b[39m","time":"2017-11-26T08:25:30.807Z","v":0}
{"name":"hexo","hostname":"archLinux","pid":30034,"level":20,"msg":"Processed: \u001b[35msource/vendor/fancybox/fancybox_loading@2x.gif\u001b[39m","time":"2017-11-26T08:25:30.807Z","v":0}
{"name":"hexo","hostname":"archLinux","pid":30034,"level":20,"msg":"Processed: \u001b[35msource/vendor/fancybox/fancybox_overlay.png\u001b[39m","time":"2017-11-26T08:25:30.807Z","v":0}
{"name":"hexo","hostname":"archLinux","pid":30034,"level":20,"msg":"Processed: \u001b[35msource/vendor/fancybox/fancybox_sprite.png\u001b[39m","time":"2017-11-26T08:25:30.807Z","v":0}
{"name":"hexo","hostname":"archLinux","pid":30034,"level":20,"msg":"Processed: \u001b[35msource/vendor/fancybox/fancybox_sprite@2x.png\u001b[39m","time":"2017-11-26T08:25:30.807Z","v":0}
{"name":"hexo","hostname":"archLinux","pid":30034,"level":20,"msg":"Processed: \u001b[35msource/vendor/fancybox/jquery.fancybox.css\u001b[39m","time":"2017-11-26T08:25:30.807Z","v":0}
{"name":"hexo","hostname":"archLinux","pid":30034,"level":20,"msg":"Processed: \u001b[35msource/vendor/fancybox/jquery.fancybox.pack.js\u001b[39m","time":"2017-11-26T08:25:30.807Z","v":0}
{"name":"hexo","hostname":"archLinux","pid":30034,"level":20,"msg":"Processed: \u001b[35msource/vendor/fancybox/jquery.fancybox.js\u001b[39m","time":"2017-11-26T08:25:30.807Z","v":0}
{"name":"hexo","hostname":"archLinux","pid":30034,"level":20,"msg":"Processed: \u001b[35msource/vendor/scrollLoading/jquery.scrollLoading.js\u001b[39m","time":"2017-11-26T08:25:30.807Z","v":0}
{"name":"hexo","hostname":"archLinux","pid":30034,"level":20,"msg":"Processed: \u001b[35msource/vendor/scrollLoading/main.js\u001b[39m","time":"2017-11-26T08:25:30.808Z","v":0}
{"name":"hexo","hostname":"archLinux","pid":30034,"level":20,"msg":"Processed: \u001b[35msource/vendor/scrollLoading/style.css\u001b[39m","time":"2017-11-26T08:25:30.808Z","v":0}
{"name":"hexo","hostname":"archLinux","pid":30034,"level":20,"msg":"Processed: \u001b[35msource/vendor/source-code-pro/styles.css\u001b[39m","time":"2017-11-26T08:25:30.808Z","v":0}
{"name":"hexo","hostname":"archLinux","pid":30034,"level":20,"msg":"Processed: \u001b[35msource/vendor/titillium-web/styles.css\u001b[39m","time":"2017-11-26T08:25:30.808Z","v":0}
{"name":"hexo","hostname":"archLinux","pid":30034,"level":20,"msg":"Processed: \u001b[35mlayout/comment/duoshuo.ejs\u001b[39m","time":"2017-11-26T08:25:30.827Z","v":0}
{"name":"hexo","hostname":"archLinux","pid":30034,"level":20,"msg":"Processed: \u001b[35mlayout/comment/counter.ejs\u001b[39m","time":"2017-11-26T08:25:30.827Z","v":0}
{"name":"hexo","hostname":"archLinux","pid":30034,"level":20,"msg":"Processed: \u001b[35mlayout/comment/disqus.ejs\u001b[39m","time":"2017-11-26T08:25:30.827Z","v":0}
{"name":"hexo","hostname":"archLinux","pid":30034,"level":20,"msg":"Processed: \u001b[35mlayout/comment/index.ejs\u001b[39m","time":"2017-11-26T08:25:30.827Z","v":0}
{"name":"hexo","hostname":"archLinux","pid":30034,"level":20,"msg":"Processed: \u001b[35mlayout/comment/youyan.ejs\u001b[39m","time":"2017-11-26T08:25:30.827Z","v":0}
{"name":"hexo","hostname":"archLinux","pid":30034,"level":20,"msg":"Processed: \u001b[35mlayout/comment/scripts.ejs\u001b[39m","time":"2017-11-26T08:25:30.827Z","v":0}
{"name":"hexo","hostname":"archLinux","pid":30034,"level":20,"msg":"Processed: \u001b[35mlayout/common/content-title.ejs\u001b[39m","time":"2017-11-26T08:25:30.827Z","v":0}
{"name":"hexo","hostname":"archLinux","pid":30034,"level":20,"msg":"Processed: \u001b[35mlayout/common/footer.ejs\u001b[39m","time":"2017-11-26T08:25:30.827Z","v":0}
{"name":"hexo","hostname":"archLinux","pid":30034,"level":20,"msg":"Processed: \u001b[35mlayout/common/archive.ejs\u001b[39m","time":"2017-11-26T08:25:30.827Z","v":0}
{"name":"hexo","hostname":"archLinux","pid":30034,"level":20,"msg":"Processed: \u001b[35mlayout/common/article.ejs\u001b[39m","time":"2017-11-26T08:25:30.827Z","v":0}
{"name":"hexo","hostname":"archLinux","pid":30034,"level":20,"msg":"Processed: \u001b[35mlayout/common/head.ejs\u001b[39m","time":"2017-11-26T08:25:30.827Z","v":0}
{"name":"hexo","hostname":"archLinux","pid":30034,"level":20,"msg":"Processed: \u001b[35mlayout/common/header.ejs\u001b[39m","time":"2017-11-26T08:25:30.827Z","v":0}
{"name":"hexo","hostname":"archLinux","pid":30034,"level":20,"msg":"Processed: \u001b[35mlayout/common/scripts.ejs\u001b[39m","time":"2017-11-26T08:25:30.827Z","v":0}
{"name":"hexo","hostname":"archLinux","pid":30034,"level":20,"msg":"Processed: \u001b[35mlayout/common/sidebar.ejs\u001b[39m","time":"2017-11-26T08:25:30.828Z","v":0}
{"name":"hexo","hostname":"archLinux","pid":30034,"level":20,"msg":"Processed: \u001b[35mlayout/common/summary.ejs\u001b[39m","time":"2017-11-26T08:25:30.828Z","v":0}
{"name":"hexo","hostname":"archLinux","pid":30034,"level":20,"msg":"Processed: \u001b[35mlayout/common/thumbnail.ejs\u001b[39m","time":"2017-11-26T08:25:30.828Z","v":0}
{"name":"hexo","hostname":"archLinux","pid":30034,"level":20,"msg":"Processed: \u001b[35mlayout/plugin/baidu-analytics.ejs\u001b[39m","time":"2017-11-26T08:25:30.828Z","v":0}
{"name":"hexo","hostname":"archLinux","pid":30034,"level":20,"msg":"Processed: \u001b[35mlayout/plugin/google-analytics.ejs\u001b[39m","time":"2017-11-26T08:25:30.828Z","v":0}
{"name":"hexo","hostname":"archLinux","pid":30034,"level":20,"msg":"Processed: \u001b[35mlayout/plugin/mathjax.ejs\u001b[39m","time":"2017-11-26T08:25:30.828Z","v":0}
{"name":"hexo","hostname":"archLinux","pid":30034,"level":20,"msg":"Processed: \u001b[35mlayout/plugin/scripts.ejs\u001b[39m","time":"2017-11-26T08:25:30.828Z","v":0}
{"name":"hexo","hostname":"archLinux","pid":30034,"level":20,"msg":"Processed: \u001b[35mlayout/search/baidu.ejs\u001b[39m","time":"2017-11-26T08:25:30.828Z","v":0}
{"name":"hexo","hostname":"archLinux","pid":30034,"level":20,"msg":"Processed: \u001b[35mlayout/search/index.ejs\u001b[39m","time":"2017-11-26T08:25:30.828Z","v":0}
{"name":"hexo","hostname":"archLinux","pid":30034,"level":20,"msg":"Processed: \u001b[35mlayout/search/swiftype.ejs\u001b[39m","time":"2017-11-26T08:25:30.828Z","v":0}
{"name":"hexo","hostname":"archLinux","pid":30034,"level":20,"msg":"Processed: \u001b[35mlayout/share/bdshare.ejs\u001b[39m","time":"2017-11-26T08:25:30.828Z","v":0}
{"name":"hexo","hostname":"archLinux","pid":30034,"level":20,"msg":"Processed: \u001b[35mlayout/share/addtoany.ejs\u001b[39m","time":"2017-11-26T08:25:30.828Z","v":0}
{"name":"hexo","hostname":"archLinux","pid":30034,"level":20,"msg":"Processed: \u001b[35mlayout/search/insight.ejs\u001b[39m","time":"2017-11-26T08:25:30.828Z","v":0}
{"name":"hexo","hostname":"archLinux","pid":30034,"level":20,"msg":"Processed: \u001b[35mlayout/share/default.ejs\u001b[39m","time":"2017-11-26T08:25:30.828Z","v":0}
{"name":"hexo","hostname":"archLinux","pid":30034,"level":20,"msg":"Processed: \u001b[35mlayout/share/index.ejs\u001b[39m","time":"2017-11-26T08:25:30.828Z","v":0}
{"name":"hexo","hostname":"archLinux","pid":30034,"level":20,"msg":"Processed: \u001b[35mlayout/share/jiathis.ejs\u001b[39m","time":"2017-11-26T08:25:30.828Z","v":0}
{"name":"hexo","hostname":"archLinux","pid":30034,"level":20,"msg":"Processed: \u001b[35mlayout/widget/archive.ejs\u001b[39m","time":"2017-11-26T08:25:30.828Z","v":0}
{"name":"hexo","hostname":"archLinux","pid":30034,"level":20,"msg":"Processed: \u001b[35mlayout/widget/category.ejs\u001b[39m","time":"2017-11-26T08:25:30.828Z","v":0}
{"name":"hexo","hostname":"archLinux","pid":30034,"level":20,"msg":"Processed: \u001b[35mlayout/widget/links.ejs\u001b[39m","time":"2017-11-26T08:25:30.828Z","v":0}
{"name":"hexo","hostname":"archLinux","pid":30034,"level":20,"msg":"Processed: \u001b[35mlayout/widget/recent_posts.ejs\u001b[39m","time":"2017-11-26T08:25:30.828Z","v":0}
{"name":"hexo","hostname":"archLinux","pid":30034,"level":20,"msg":"Processed: \u001b[35mlayout/widget/tag.ejs\u001b[39m","time":"2017-11-26T08:25:30.828Z","v":0}
{"name":"hexo","hostname":"archLinux","pid":30034,"level":20,"msg":"Processed: \u001b[35mlayout/widget/tagcloud.ejs\u001b[39m","time":"2017-11-26T08:25:30.828Z","v":0}
{"name":"hexo","hostname":"archLinux","pid":30034,"level":20,"msg":"Processed: \u001b[35msource/vendor/font-awesome/css/font-awesome.min.css\u001b[39m","time":"2017-11-26T08:25:30.829Z","v":0}
{"name":"hexo","hostname":"archLinux","pid":30034,"level":20,"msg":"Processed: \u001b[35msource/vendor/font-awesome/fonts/fontawesome-webfont.woff2\u001b[39m","time":"2017-11-26T08:25:30.829Z","v":0}
{"name":"hexo","hostname":"archLinux","pid":30034,"level":20,"msg":"Processed: \u001b[35msource/vendor/fancybox/helpers/fancybox_buttons.png\u001b[39m","time":"2017-11-26T08:25:30.829Z","v":0}
{"name":"hexo","hostname":"archLinux","pid":30034,"level":20,"msg":"Processed: \u001b[35msource/vendor/fancybox/helpers/jquery.fancybox-buttons.js\u001b[39m","time":"2017-11-26T08:25:30.829Z","v":0}
{"name":"hexo","hostname":"archLinux","pid":30034,"level":20,"msg":"Processed: \u001b[35msource/vendor/fancybox/helpers/jquery.fancybox-buttons.css\u001b[39m","time":"2017-11-26T08:25:30.830Z","v":0}
{"name":"hexo","hostname":"archLinux","pid":30034,"level":20,"msg":"Processed: \u001b[35msource/vendor/fancybox/helpers/jquery.fancybox-media.js\u001b[39m","time":"2017-11-26T08:25:30.830Z","v":0}
{"name":"hexo","hostname":"archLinux","pid":30034,"level":20,"msg":"Processed: \u001b[35msource/vendor/fancybox/helpers/jquery.fancybox-thumbs.css\u001b[39m","time":"2017-11-26T08:25:30.830Z","v":0}
{"name":"hexo","hostname":"archLinux","pid":30034,"level":20,"msg":"Processed: \u001b[35msource/vendor/fancybox/helpers/jquery.fancybox-thumbs.js\u001b[39m","time":"2017-11-26T08:25:30.830Z","v":0}
{"name":"hexo","hostname":"archLinux","pid":30034,"level":20,"msg":"Processed: \u001b[35msource/vendor/scrollLoading/images/preloader.gif\u001b[39m","time":"2017-11-26T08:25:30.830Z","v":0}
{"name":"hexo","hostname":"archLinux","pid":30034,"level":20,"msg":"Processed: \u001b[35msource/vendor/scrollLoading/images/preloader@2x.gif\u001b[39m","time":"2017-11-26T08:25:30.830Z","v":0}
{"name":"hexo","hostname":"archLinux","pid":30034,"level":20,"msg":"Processed: \u001b[35msource/vendor/source-code-pro/fonts/mrl8jkM18OlOQN8JLgasD9V_2ngZ8dMf8fLgjYEouxg.woff2\u001b[39m","time":"2017-11-26T08:25:30.830Z","v":0}
{"name":"hexo","hostname":"archLinux","pid":30034,"level":20,"msg":"Processed: \u001b[35msource/vendor/source-code-pro/fonts/mrl8jkM18OlOQN8JLgasDy2Q8seG17bfDXYR_jUsrzg.woff2\u001b[39m","time":"2017-11-26T08:25:30.830Z","v":0}
{"name":"hexo","hostname":"archLinux","pid":30034,"level":20,"msg":"Processed: \u001b[35msource/vendor/titillium-web/fonts/7XUFZ5tgS-tD6QamInJTcSo_WB_cotcEMUw1LsIE8mM.woff2\u001b[39m","time":"2017-11-26T08:25:30.830Z","v":0}
{"name":"hexo","hostname":"archLinux","pid":30034,"level":20,"msg":"Processed: \u001b[35msource/vendor/titillium-web/fonts/7XUFZ5tgS-tD6QamInJTcZSnX671uNZIV63UdXh3Mg0.woff2\u001b[39m","time":"2017-11-26T08:25:30.830Z","v":0}
{"name":"hexo","hostname":"archLinux","pid":30034,"level":20,"msg":"Processed: \u001b[35msource/vendor/titillium-web/fonts/anMUvcNT0H1YN4FII8wpr4-67659ICLY8bMrYhtePPA.woff2\u001b[39m","time":"2017-11-26T08:25:30.830Z","v":0}
{"name":"hexo","hostname":"archLinux","pid":30034,"level":20,"msg":"Processed: \u001b[35msource/vendor/titillium-web/fonts/anMUvcNT0H1YN4FII8wpr9INifKjd1RJ3NxxEi9Cy2w.woff2\u001b[39m","time":"2017-11-26T08:25:30.831Z","v":0}
{"name":"hexo","hostname":"archLinux","pid":30034,"level":20,"msg":"Processed: \u001b[35msource/vendor/titillium-web/fonts/anMUvcNT0H1YN4FII8wpr46gJz9aNFrmnwBdd69aqzY.woff2\u001b[39m","time":"2017-11-26T08:25:30.831Z","v":0}
{"name":"hexo","hostname":"archLinux","pid":30034,"level":20,"msg":"Processed: \u001b[35msource/vendor/titillium-web/fonts/anMUvcNT0H1YN4FII8wpr_SNRT0fZ5CX-AqRkMYgJJo.woff2\u001b[39m","time":"2017-11-26T08:25:30.831Z","v":0}
{"name":"hexo","hostname":"archLinux","pid":30034,"level":20,"msg":"Processed: \u001b[35msource/vendor/font-awesome/fonts/FontAwesome.otf\u001b[39m","time":"2017-11-26T08:25:30.832Z","v":0}
{"name":"hexo","hostname":"archLinux","pid":30034,"level":20,"msg":"Processed: \u001b[35msource/vendor/font-awesome/fonts/fontawesome-webfont.eot\u001b[39m","time":"2017-11-26T08:25:30.832Z","v":0}
{"name":"hexo","hostname":"archLinux","pid":30034,"level":20,"msg":"Processed: \u001b[35msource/vendor/font-awesome/fonts/fontawesome-webfont.woff\u001b[39m","time":"2017-11-26T08:25:30.832Z","v":0}
{"name":"hexo","hostname":"archLinux","pid":30034,"level":20,"msg":"Processed: \u001b[35msource/vendor/jquery/2.0.3/jquery.min.js\u001b[39m","time":"2017-11-26T08:25:30.832Z","v":0}
{"name":"hexo","hostname":"archLinux","pid":30034,"level":20,"msg":"Processed: \u001b[35mlayout/common/post/category.ejs\u001b[39m","time":"2017-11-26T08:25:30.834Z","v":0}
{"name":"hexo","hostname":"archLinux","pid":30034,"level":20,"msg":"Processed: \u001b[35mlayout/common/post/date.ejs\u001b[39m","time":"2017-11-26T08:25:30.834Z","v":0}
{"name":"hexo","hostname":"archLinux","pid":30034,"level":20,"msg":"Processed: \u001b[35mlayout/common/post/tag.ejs\u001b[39m","time":"2017-11-26T08:25:30.834Z","v":0}
{"name":"hexo","hostname":"archLinux","pid":30034,"level":20,"msg":"Processed: \u001b[35mlayout/common/post/title.ejs\u001b[39m","time":"2017-11-26T08:25:30.834Z","v":0}
{"name":"hexo","hostname":"archLinux","pid":30034,"level":20,"msg":"Processed: \u001b[35mlayout/common/post/nav.ejs\u001b[39m","time":"2017-11-26T08:25:30.834Z","v":0}
{"name":"hexo","hostname":"archLinux","pid":30034,"level":20,"msg":"Processed: \u001b[35msource/vendor/font-awesome/fonts/fontawesome-webfont.ttf\u001b[39m","time":"2017-11-26T08:25:30.835Z","v":0}
{"name":"hexo","hostname":"archLinux","pid":30034,"level":20,"msg":"Processed: \u001b[35msource/vendor/font-awesome/fonts/fontawesome-webfont.svg\u001b[39m","time":"2017-11-26T08:25:30.839Z","v":0}
{"name":"hexo","hostname":"archLinux","pid":30034,"level":20,"msg":"Processed: \u001b[35mimages/i3wm_screenshot.png\u001b[39m","time":"2017-11-26T08:25:30.870Z","v":0}
{"name":"hexo","hostname":"archLinux","pid":30034,"level":20,"msg":"Generator: \u001b[35mpage\u001b[39m","time":"2017-11-26T08:25:31.064Z","v":0}
{"name":"hexo","hostname":"archLinux","pid":30034,"level":20,"msg":"Generator: \u001b[35mpost\u001b[39m","time":"2017-11-26T08:25:31.064Z","v":0}
{"name":"hexo","hostname":"archLinux","pid":30034,"level":20,"msg":"Generator: \u001b[35marchive\u001b[39m","time":"2017-11-26T08:25:31.065Z","v":0}
{"name":"hexo","hostname":"archLinux","pid":30034,"level":20,"msg":"Generator: \u001b[35mcategory\u001b[39m","time":"2017-11-26T08:25:31.065Z","v":0}
{"name":"hexo","hostname":"archLinux","pid":30034,"level":20,"msg":"Generator: \u001b[35mgenerator-0\u001b[39m","time":"2017-11-26T08:25:31.065Z","v":0}
{"name":"hexo","hostname":"archLinux","pid":30034,"level":20,"msg":"Generator: \u001b[35mindex\u001b[39m","time":"2017-11-26T08:25:31.065Z","v":0}
{"name":"hexo","hostname":"archLinux","pid":30034,"level":20,"msg":"Generator: \u001b[35mjson-content\u001b[39m","time":"2017-11-26T08:25:31.065Z","v":0}
{"name":"hexo","hostname":"archLinux","pid":30034,"level":20,"msg":"Generator: \u001b[35mtag\u001b[39m","time":"2017-11-26T08:25:31.065Z","v":0}
{"name":"hexo","hostname":"archLinux","pid":30034,"level":20,"msg":"Generator: \u001b[35masset\u001b[39m","time":"2017-11-26T08:25:31.066Z","v":0}
{"name":"hexo","hostname":"archLinux","pid":30034,"level":30,"msg":"Hexo is running at \u001b[4mhttp://localhost:4000/\u001b[24m. Press Ctrl+C to stop.","time":"2017-11-26T08:25:31.089Z","v":0}
{"name":"hexo","hostname":"archLinux","pid":30034,"level":20,"msg":"Database saved","time":"2017-11-26T08:25:31.122Z","v":0}
{"name":"hexo","hostname":"archLinux","pid":30034,"level":20,"msg":"Rendering index: \u001b[35mindex.html\u001b[39m","time":"2017-11-26T08:25:34.637Z","v":0}
{"name":"hexo","hostname":"archLinux","pid":30034,"level":20,"msg":"Rendering index: \u001b[35mindex.html\u001b[39m","time":"2017-11-26T08:25:39.116Z","v":0}
{"name":"hexo","hostname":"archLinux","pid":30034,"level":20,"msg":"Rendering post: \u001b[35m2017/11/26/使用深度学习来判断代码语言/index.html\u001b[39m","time":"2017-11-26T08:25:41.315Z","v":0}
{"name":"hexo","hostname":"archLinux","pid":30034,"level":30,"msg":"Bye!","time":"2017-11-26T08:26:15.129Z","v":0}
{"name":"hexo","hostname":"archLinux","pid":30034,"level":20,"msg":"Database saved","time":"2017-11-26T08:26:15.165Z","v":0}
{"name":"hexo","hostname":"archLinux","pid":31497,"level":20,"msg":"Hexo version: \u001b[35m3.3.6\u001b[39m","time":"2017-11-26T08:27:03.316Z","v":0}
{"name":"hexo","hostname":"archLinux","pid":31497,"level":20,"msg":"Working directory: \u001b[35m~/Documents/blog/\u001b[39m","time":"2017-11-26T08:27:03.318Z","v":0}
{"name":"hexo","hostname":"archLinux","pid":31497,"level":20,"msg":"Config loaded: \u001b[35m~/Documents/blog/_config.yml\u001b[39m","time":"2017-11-26T08:27:03.375Z","v":0}
{"name":"hexo","hostname":"archLinux","pid":31497,"level":20,"msg":"Script loaded: \u001b[35mthemes/hueman/scripts/meta.js\u001b[39m","time":"2017-11-26T08:27:03.386Z","v":0}
{"name":"hexo","hostname":"archLinux","pid":31497,"level":20,"msg":"Script loaded: \u001b[35mthemes/hueman/scripts/excerpt.js\u001b[39m","time":"2017-11-26T08:27:03.386Z","v":0}
{"name":"hexo","hostname":"archLinux","pid":31497,"level":20,"msg":"Script loaded: \u001b[35mthemes/hueman/scripts/thumbnail.js\u001b[39m","time":"2017-11-26T08:27:03.387Z","v":0}
{"name":"hexo","hostname":"archLinux","pid":31497,"level":20,"msg":"Script loaded: \u001b[35mthemes/hueman/scripts/fancybox.js\u001b[39m","time":"2017-11-26T08:27:03.387Z","v":0}
{"name":"hexo","hostname":"archLinux","pid":31497,"level":20,"msg":"Plugin loaded: \u001b[35mhexo-generator-archive\u001b[39m","time":"2017-11-26T08:27:03.389Z","v":0}
{"name":"hexo","hostname":"archLinux","pid":31497,"level":20,"msg":"Plugin loaded: \u001b[35mhexo-deployer-git\u001b[39m","time":"2017-11-26T08:27:03.391Z","v":0}
{"name":"hexo","hostname":"archLinux","pid":31497,"level":20,"msg":"Plugin loaded: \u001b[35mhexo-generator-category\u001b[39m","time":"2017-11-26T08:27:03.391Z","v":0}
{"name":"hexo","hostname":"archLinux","pid":31497,"level":20,"msg":"Plugin loaded: \u001b[35mhexo-generator-cname\u001b[39m","time":"2017-11-26T08:27:03.392Z","v":0}
{"name":"hexo","hostname":"archLinux","pid":31497,"level":20,"msg":"Plugin loaded: \u001b[35mhexo-generator-index\u001b[39m","time":"2017-11-26T08:27:03.393Z","v":0}
{"name":"hexo","hostname":"archLinux","pid":31497,"level":20,"msg":"Plugin loaded: \u001b[35mhexo-generator-json-content\u001b[39m","time":"2017-11-26T08:27:03.404Z","v":0}
{"name":"hexo","hostname":"archLinux","pid":31497,"level":20,"msg":"Plugin loaded: \u001b[35mhexo-generator-tag\u001b[39m","time":"2017-11-26T08:27:03.405Z","v":0}
{"name":"hexo","hostname":"archLinux","pid":31497,"level":20,"msg":"Plugin loaded: \u001b[35mhexo-renderer-ejs\u001b[39m","time":"2017-11-26T08:27:03.406Z","v":0}
{"name":"hexo","hostname":"archLinux","pid":31497,"level":20,"msg":"Plugin loaded: \u001b[35mhexo-renderer-marked\u001b[39m","time":"2017-11-26T08:27:03.410Z","v":0}
{"name":"hexo","hostname":"archLinux","pid":31497,"level":20,"msg":"Plugin loaded: \u001b[35mhexo-renderer-stylus\u001b[39m","time":"2017-11-26T08:27:03.411Z","v":0}
{"name":"hexo","hostname":"archLinux","pid":31497,"level":20,"msg":"Plugin loaded: \u001b[35mhexo-server\u001b[39m","time":"2017-11-26T08:27:03.455Z","v":0}
{"name":"hexo","hostname":"archLinux","pid":31497,"level":20,"msg":"Loading database.","time":"2017-11-26T08:27:03.461Z","v":0}
{"name":"hexo","hostname":"archLinux","pid":31497,"level":30,"msg":"Start processing","time":"2017-11-26T08:27:03.618Z","v":0}
{"name":"hexo","hostname":"archLinux","pid":31497,"level":20,"msg":"Processed: \u001b[35m_drafts/Spark-Source-Code-Walkthrough.md\u001b[39m","time":"2017-11-26T08:27:03.795Z","v":0}
{"name":"hexo","hostname":"archLinux","pid":31497,"level":20,"msg":"Processed: \u001b[35mabout/index.md\u001b[39m","time":"2017-11-26T08:27:03.795Z","v":0}
{"name":"hexo","hostname":"archLinux","pid":31497,"level":20,"msg":"Processed: \u001b[35m_drafts/kafka-in-a-nutshell.md\u001b[39m","time":"2017-11-26T08:27:03.795Z","v":0}
{"name":"hexo","hostname":"archLinux","pid":31497,"level":20,"msg":"Processed: \u001b[35m_posts/An-Illustration-of-Various-Encoding-Schemes.md\u001b[39m","time":"2017-11-26T08:27:03.796Z","v":0}
{"name":"hexo","hostname":"archLinux","pid":31497,"level":20,"msg":"Processed: \u001b[35m_posts/Auto-Adjust-Brightness-On-Ubuntu-16-10-Using-Systemd.md\u001b[39m","time":"2017-11-26T08:27:03.796Z","v":0}
{"name":"hexo","hostname":"archLinux","pid":31497,"level":20,"msg":"Processed: \u001b[35m_posts/Batch-Insert-Into-MySQL-With-Python.md\u001b[39m","time":"2017-11-26T08:27:03.796Z","v":0}
{"name":"hexo","hostname":"archLinux","pid":31497,"level":20,"msg":"Processed: \u001b[35m_posts/Calculate-1-lambda-n-n.md\u001b[39m","time":"2017-11-26T08:27:03.797Z","v":0}
{"name":"hexo","hostname":"archLinux","pid":31497,"level":20,"msg":"Processed: \u001b[35m_posts/Cast-away-on-the-moon.md\u001b[39m","time":"2017-11-26T08:27:03.797Z","v":0}
{"name":"hexo","hostname":"archLinux","pid":31497,"level":20,"msg":"Processed: \u001b[35m_posts/Configure-Win7-Support-For-UTC.md\u001b[39m","time":"2017-11-26T08:27:03.797Z","v":0}
{"name":"hexo","hostname":"archLinux","pid":31497,"level":20,"msg":"Processed: \u001b[35m_posts/Fix-The-Font-Rendering-Problem-In-Pycharm.md\u001b[39m","time":"2017-11-26T08:27:03.797Z","v":0}
{"name":"hexo","hostname":"archLinux","pid":31497,"level":20,"msg":"Processed: \u001b[35m_posts/GoldenDictMedia.md\u001b[39m","time":"2017-11-26T08:27:03.797Z","v":0}
{"name":"hexo","hostname":"archLinux","pid":31497,"level":20,"msg":"Processed: \u001b[35m_posts/I-arrived-in-Hangzhou-yesterday.md\u001b[39m","time":"2017-11-26T08:27:03.797Z","v":0}
{"name":"hexo","hostname":"archLinux","pid":31497,"level":20,"msg":"Processed: \u001b[35m_posts/Hadoop-Internals-Configuration.md\u001b[39m","time":"2017-11-26T08:27:03.797Z","v":0}
{"name":"hexo","hostname":"archLinux","pid":31497,"level":20,"msg":"Processed: \u001b[35m_posts/I-finished-reading-The-catcher-in-the-rhy.md\u001b[39m","time":"2017-11-26T08:27:03.797Z","v":0}
{"name":"hexo","hostname":"archLinux","pid":31497,"level":20,"msg":"Processed: \u001b[35m_posts/I-still-didn-t-go-jogging-today.md\u001b[39m","time":"2017-11-26T08:27:03.797Z","v":0}
{"name":"hexo","hostname":"archLinux","pid":31497,"level":20,"msg":"Processed: \u001b[35m_posts/I-started-programming-and-running-today.md\u001b[39m","time":"2017-11-26T08:27:03.797Z","v":0}
{"name":"hexo","hostname":"archLinux","pid":31497,"level":20,"msg":"Processed: \u001b[35m_posts/I-struggled-to-finish-my-tasks-today.md\u001b[39m","time":"2017-11-26T08:27:03.797Z","v":0}
{"name":"hexo","hostname":"archLinux","pid":31497,"level":20,"msg":"Processed: \u001b[35m_posts/ImageResizer-an-anki-addon-to-resize-images.md\u001b[39m","time":"2017-11-26T08:27:03.797Z","v":0}
{"name":"hexo","hostname":"archLinux","pid":31497,"level":20,"msg":"Processed: \u001b[35m_posts/Install-fcitx-on-ubuntu-16-10.md\u001b[39m","time":"2017-11-26T08:27:03.797Z","v":0}
{"name":"hexo","hostname":"archLinux","pid":31497,"level":20,"msg":"Processed: \u001b[35m_posts/It-s-pretty-hard-to-concentrate-these-days.md\u001b[39m","time":"2017-11-26T08:27:03.797Z","v":0}
{"name":"hexo","hostname":"archLinux","pid":31497,"level":20,"msg":"Processed: \u001b[35m_posts/Inheritance-in-Javascript.md\u001b[39m","time":"2017-11-26T08:27:03.797Z","v":0}
{"name":"hexo","hostname":"archLinux","pid":31497,"level":20,"msg":"Processed: \u001b[35m_posts/Hexo-Source-Code-Demystified.md\u001b[39m","time":"2017-11-26T08:27:03.797Z","v":0}
{"name":"hexo","hostname":"archLinux","pid":31497,"level":20,"msg":"Processed: \u001b[35m_posts/Leetcode-Combination-Sum-II.md\u001b[39m","time":"2017-11-26T08:27:03.797Z","v":0}
{"name":"hexo","hostname":"archLinux","pid":31497,"level":20,"msg":"Processed: \u001b[35m_posts/Midnight.md\u001b[39m","time":"2017-11-26T08:27:03.797Z","v":0}
{"name":"hexo","hostname":"archLinux","pid":31497,"level":20,"msg":"Processed: \u001b[35m_posts/Proof-of-limit-f-x-g-x-c-d.md\u001b[39m","time":"2017-11-26T08:27:03.798Z","v":0}
{"name":"hexo","hostname":"archLinux","pid":31497,"level":20,"msg":"Processed: \u001b[35m_posts/Let-hexo-support-mathjax.md\u001b[39m","time":"2017-11-26T08:27:03.798Z","v":0}
{"name":"hexo","hostname":"archLinux","pid":31497,"level":20,"msg":"Processed: \u001b[35m_posts/Right-associativity-in-Scala.md\u001b[39m","time":"2017-11-26T08:27:03.798Z","v":0}
{"name":"hexo","hostname":"archLinux","pid":31497,"level":20,"msg":"Processed: \u001b[35m_posts/PurgeAttributes-an-Anki-addon-to-purge-unnecessary-attributes.md\u001b[39m","time":"2017-11-26T08:27:03.798Z","v":0}
{"name":"hexo","hostname":"archLinux","pid":31497,"level":20,"msg":"Processed: \u001b[35m_posts/Proof-of-the-limit-s-composition-law-when-x-approaches-infinity.md\u001b[39m","time":"2017-11-26T08:27:03.798Z","v":0}
{"name":"hexo","hostname":"archLinux","pid":31497,"level":20,"msg":"Processed: \u001b[35m_posts/Some-Linux_Commands.md\u001b[39m","time":"2017-11-26T08:27:03.798Z","v":0}
{"name":"hexo","hostname":"archLinux","pid":31497,"level":20,"msg":"Processed: \u001b[35m_posts/Something-About-Dnsmasq-On-Ubuntu-15-10.md\u001b[39m","time":"2017-11-26T08:27:03.798Z","v":0}
{"name":"hexo","hostname":"archLinux","pid":31497,"level":20,"msg":"Processed: \u001b[35m_posts/Specify-Port-For-Hexo-Git-Deployment.md\u001b[39m","time":"2017-11-26T08:27:03.798Z","v":0}
{"name":"hexo","hostname":"archLinux","pid":31497,"level":20,"msg":"Processed: \u001b[35m_posts/Serialization-and-Deserialization-in-Java.md\u001b[39m","time":"2017-11-26T08:27:03.798Z","v":0}
{"name":"hexo","hostname":"archLinux","pid":31497,"level":20,"msg":"Processed: \u001b[35m_posts/Super-CapsLock-On-Ubuntu-16-10.md\u001b[39m","time":"2017-11-26T08:27:03.798Z","v":0}
{"name":"hexo","hostname":"archLinux","pid":31497,"level":20,"msg":"Processed: \u001b[35m_posts/The-empty-set-is-the-subset-of-any-set.md\u001b[39m","time":"2017-11-26T08:27:03.799Z","v":0}
{"name":"hexo","hostname":"archLinux","pid":31497,"level":20,"msg":"Processed: \u001b[35m_posts/The-fee-paid-to-freelancer-is-not-refundable.md\u001b[39m","time":"2017-11-26T08:27:03.799Z","v":0}
{"name":"hexo","hostname":"archLinux","pid":31497,"level":20,"msg":"Processed: \u001b[35m_posts/Switch-CapsLock-And-Esc-And-Take-CapsLock-As-Control-When-It-Is-Pressed.md\u001b[39m","time":"2017-11-26T08:27:03.799Z","v":0}
{"name":"hexo","hostname":"archLinux","pid":31497,"level":20,"msg":"Processed: \u001b[35m_posts/Ubuntu-crashes-when-entering-or-exiting-fullscreen-while-watching-youtube-videos.md\u001b[39m","time":"2017-11-26T08:27:03.799Z","v":0}
{"name":"hexo","hostname":"archLinux","pid":31497,"level":20,"msg":"Processed: \u001b[35m_posts/The-difference-between-a-case-class-and-a-normal-class-in-Scala.md\u001b[39m","time":"2017-11-26T08:27:03.799Z","v":0}
{"name":"hexo","hostname":"archLinux","pid":31497,"level":20,"msg":"Processed: \u001b[35m_posts/The-difference-between-wait-and-sleep.md\u001b[39m","time":"2017-11-26T08:27:03.799Z","v":0}
{"name":"hexo","hostname":"archLinux","pid":31497,"level":20,"msg":"Processed: \u001b[35m_posts/Where-to-go.md\u001b[39m","time":"2017-11-26T08:27:03.799Z","v":0}
{"name":"hexo","hostname":"archLinux","pid":31497,"level":20,"msg":"Processed: \u001b[35m_posts/WriteToDisk.md\u001b[39m","time":"2017-11-26T08:27:03.799Z","v":0}
{"name":"hexo","hostname":"archLinux","pid":31497,"level":20,"msg":"Processed: \u001b[35m_posts/Understanding-poisson-distribution.md\u001b[39m","time":"2017-11-26T08:27:03.799Z","v":0}
{"name":"hexo","hostname":"archLinux","pid":31497,"level":20,"msg":"Processed: \u001b[35m_posts/When-and-how-to-use-InheritableThreadLocal.md\u001b[39m","time":"2017-11-26T08:27:03.800Z","v":0}
{"name":"hexo","hostname":"archLinux","pid":31497,"level":20,"msg":"Processed: \u001b[35m_posts/auto-save-in-vim.md\u001b[39m","time":"2017-11-26T08:27:03.800Z","v":0}
{"name":"hexo","hostname":"archLinux","pid":31497,"level":20,"msg":"Processed: \u001b[35m_posts/Why-is-Kafka-so-fast.md\u001b[39m","time":"2017-11-26T08:27:03.800Z","v":0}
{"name":"hexo","hostname":"archLinux","pid":31497,"level":20,"msg":"Processed: \u001b[35m_posts/backup-script.md\u001b[39m","time":"2017-11-26T08:27:03.800Z","v":0}
{"name":"hexo","hostname":"archLinux","pid":31497,"level":20,"msg":"Processed: \u001b[35m_posts/change-openwrt-source-to-UTSC.md\u001b[39m","time":"2017-11-26T08:27:03.800Z","v":0}
{"name":"hexo","hostname":"archLinux","pid":31497,"level":20,"msg":"Processed: \u001b[35m_posts/beautify-i3wm.md\u001b[39m","time":"2017-11-26T08:27:03.800Z","v":0}
{"name":"hexo","hostname":"archLinux","pid":31497,"level":20,"msg":"Processed: \u001b[35m_posts/enlarge-the-size-of-a-vdi-of-virtualbox.md\u001b[39m","time":"2017-11-26T08:27:03.800Z","v":0}
{"name":"hexo","hostname":"archLinux","pid":31497,"level":20,"msg":"Processed: \u001b[35m_posts/connect-to-wifi-via-commandline-on-arch.md\u001b[39m","time":"2017-11-26T08:27:03.800Z","v":0}
{"name":"hexo","hostname":"archLinux","pid":31497,"level":20,"msg":"Processed: \u001b[35m_posts/get-selected-text-in-chrome.md\u001b[39m","time":"2017-11-26T08:27:03.800Z","v":0}
{"name":"hexo","hostname":"archLinux","pid":31497,"level":20,"msg":"Processed: \u001b[35m_posts/django-db-utils-IntegrityError-duplicate-key-value-violates-unique-constraint.md\u001b[39m","time":"2017-11-26T08:27:03.800Z","v":0}
{"name":"hexo","hostname":"archLinux","pid":31497,"level":20,"msg":"Processed: \u001b[35m_posts/install-flash-plugin-in-firefox-on-arch-linux.md\u001b[39m","time":"2017-11-26T08:27:03.800Z","v":0}
{"name":"hexo","hostname":"archLinux","pid":31497,"level":20,"msg":"Processed: \u001b[35m_posts/bittorrent-sync.md\u001b[39m","time":"2017-11-26T08:27:03.800Z","v":0}
{"name":"hexo","hostname":"archLinux","pid":31497,"level":20,"msg":"Processed: \u001b[35m_posts/learn-redirection-the-hard-way.md\u001b[39m","time":"2017-11-26T08:27:03.800Z","v":0}
{"name":"hexo","hostname":"archLinux","pid":31497,"level":20,"msg":"Processed: \u001b[35m_posts/map-Ctrl-V-as-Ctrl-Q-in-vim.md\u001b[39m","time":"2017-11-26T08:27:03.800Z","v":0}
{"name":"hexo","hostname":"archLinux","pid":31497,"level":20,"msg":"Processed: \u001b[35m_posts/new-task.md\u001b[39m","time":"2017-11-26T08:27:03.800Z","v":0}
{"name":"hexo","hostname":"archLinux","pid":31497,"level":20,"msg":"Processed: \u001b[35m_posts/newInstance-in-Java.md\u001b[39m","time":"2017-11-26T08:27:03.802Z","v":0}
{"name":"hexo","hostname":"archLinux","pid":31497,"level":20,"msg":"Processed: \u001b[35m_posts/re-embrace-hexo-and-hueman.md\u001b[39m","time":"2017-11-26T08:27:03.802Z","v":0}
{"name":"hexo","hostname":"archLinux","pid":31497,"level":20,"msg":"Processed: \u001b[35m_posts/rc-local-stopped-running-when-an-error-occurred.md\u001b[39m","time":"2017-11-26T08:27:03.802Z","v":0}
{"name":"hexo","hostname":"archLinux","pid":31497,"level":20,"msg":"Processed: \u001b[35m_posts/make-fcitx-work-in-sublime-text-3.md\u001b[39m","time":"2017-11-26T08:27:03.802Z","v":0}
{"name":"hexo","hostname":"archLinux","pid":31497,"level":20,"msg":"Processed: \u001b[35m_posts/kafka-in-a-nutshell.md\u001b[39m","time":"2017-11-26T08:27:03.802Z","v":0}
{"name":"hexo","hostname":"archLinux","pid":31497,"level":20,"msg":"Processed: \u001b[35m_posts/my-new-goals-and-my-new-life.md\u001b[39m","time":"2017-11-26T08:27:03.802Z","v":0}
{"name":"hexo","hostname":"archLinux","pid":31497,"level":20,"msg":"Processed: \u001b[35m_posts/shorten-a-string-without-cutting-words.md\u001b[39m","time":"2017-11-26T08:27:03.802Z","v":0}
{"name":"hexo","hostname":"archLinux","pid":31497,"level":20,"msg":"Processed: \u001b[35m_posts/watched-alien-2-today.md\u001b[39m","time":"2017-11-26T08:27:03.802Z","v":0}
{"name":"hexo","hostname":"archLinux","pid":31497,"level":20,"msg":"Processed: \u001b[35m_posts/set-up-a-git-server-to-deploy-with-hexo.md\u001b[39m","time":"2017-11-26T08:27:03.802Z","v":0}
{"name":"hexo","hostname":"archLinux","pid":31497,"level":20,"msg":"Processed: \u001b[35m_posts/what-does-this-refer-to-in-javascript.md\u001b[39m","time":"2017-11-26T08:27:03.802Z","v":0}
{"name":"hexo","hostname":"archLinux","pid":31497,"level":20,"msg":"Processed: \u001b[35m_posts/the-machanism-of-garbage-collectors-in-Java.md\u001b[39m","time":"2017-11-26T08:27:03.802Z","v":0}
{"name":"hexo","hostname":"archLinux","pid":31497,"level":20,"msg":"Processed: \u001b[35mimages/Blog_Trash-1.jpg\u001b[39m","time":"2017-11-26T08:27:03.823Z","v":0}
{"name":"hexo","hostname":"archLinux","pid":31497,"level":20,"msg":"Processed: \u001b[35mimages/Inheritance in Javascript.svg\u001b[39m","time":"2017-11-26T08:27:03.824Z","v":0}
{"name":"hexo","hostname":"archLinux","pid":31497,"level":20,"msg":"Processed: \u001b[35mimages/Inheritance-in-Javascript-1.png\u001b[39m","time":"2017-11-26T08:27:03.824Z","v":0}
{"name":"hexo","hostname":"archLinux","pid":31497,"level":20,"msg":"Processed: \u001b[35mimages/Serialization and Deserialization in Java (1).svg\u001b[39m","time":"2017-11-26T08:27:03.824Z","v":0}
{"name":"hexo","hostname":"archLinux","pid":31497,"level":20,"msg":"Processed: \u001b[35mimages/Serialization and Deserialization in Java.svg\u001b[39m","time":"2017-11-26T08:27:03.824Z","v":0}
{"name":"hexo","hostname":"archLinux","pid":31497,"level":20,"msg":"Processed: \u001b[35mimages/Inheritance-in-Javascript.svg\u001b[39m","time":"2017-11-26T08:27:03.824Z","v":0}
{"name":"hexo","hostname":"archLinux","pid":31497,"level":20,"msg":"Processed: \u001b[35mimages/Serialization-and-Deserialization-in-Java-1.svg\u001b[39m","time":"2017-11-26T08:27:03.825Z","v":0}
{"name":"hexo","hostname":"archLinux","pid":31497,"level":20,"msg":"Processed: \u001b[35mimages/Math_Business_sm.jpg\u001b[39m","time":"2017-11-26T08:27:03.826Z","v":0}
{"name":"hexo","hostname":"archLinux","pid":31497,"level":20,"msg":"Processed: \u001b[35mimages/Serialization-and-Deserialization-in-Java.svg\u001b[39m","time":"2017-11-26T08:27:03.826Z","v":0}
{"name":"hexo","hostname":"archLinux","pid":31497,"level":20,"msg":"Processed: \u001b[35mimages/The-Machanism-of-Garbage-Collectors-in-Java-4.png\u001b[39m","time":"2017-11-26T08:27:03.826Z","v":0}
{"name":"hexo","hostname":"archLinux","pid":31497,"level":20,"msg":"Processed: \u001b[35mimages/The-Machanism-of-Garbage-Collectors-in-Java-1.png\u001b[39m","time":"2017-11-26T08:27:03.826Z","v":0}
{"name":"hexo","hostname":"archLinux","pid":31497,"level":20,"msg":"Processed: \u001b[35mimages/The-Machanism-of-Garbage-Collectors-in-Java-3.png\u001b[39m","time":"2017-11-26T08:27:03.827Z","v":0}
{"name":"hexo","hostname":"archLinux","pid":31497,"level":20,"msg":"Processed: \u001b[35mimages/The-Machanism-of-Garbage-Collectors-in-Java.png\u001b[39m","time":"2017-11-26T08:27:03.827Z","v":0}
{"name":"hexo","hostname":"archLinux","pid":31497,"level":20,"msg":"Processed: \u001b[35mimages/brightness.jpg\u001b[39m","time":"2017-11-26T08:27:03.827Z","v":0}
{"name":"hexo","hostname":"archLinux","pid":31497,"level":20,"msg":"Processed: \u001b[35mimages/cast-away-on-the-moon.jpg\u001b[39m","time":"2017-11-26T08:27:03.827Z","v":0}
{"name":"hexo","hostname":"archLinux","pid":31497,"level":20,"msg":"Processed: \u001b[35mimages/capslock.jpg\u001b[39m","time":"2017-11-26T08:27:03.827Z","v":0}
{"name":"hexo","hostname":"archLinux","pid":31497,"level":20,"msg":"Processed: \u001b[35mimages/commit-log.svg\u001b[39m","time":"2017-11-26T08:27:03.827Z","v":0}
{"name":"hexo","hostname":"archLinux","pid":31497,"level":20,"msg":"Processed: \u001b[35mimages/comparison-between-disk-and-memory.jpg\u001b[39m","time":"2017-11-26T08:27:03.828Z","v":0}
{"name":"hexo","hostname":"archLinux","pid":31497,"level":20,"msg":"Processed: \u001b[35mimages/fast.png\u001b[39m","time":"2017-11-26T08:27:03.828Z","v":0}
{"name":"hexo","hostname":"archLinux","pid":31497,"level":20,"msg":"Processed: \u001b[35mimages/i3.png\u001b[39m","time":"2017-11-26T08:27:03.828Z","v":0}
{"name":"hexo","hostname":"archLinux","pid":31497,"level":20,"msg":"Processed: \u001b[35mimages/inherit.jpg\u001b[39m","time":"2017-11-26T08:27:03.828Z","v":0}
{"name":"hexo","hostname":"archLinux","pid":31497,"level":20,"msg":"Processed: \u001b[35mimages/inheritance.png\u001b[39m","time":"2017-11-26T08:27:03.828Z","v":0}
{"name":"hexo","hostname":"archLinux","pid":31497,"level":20,"msg":"Processed: \u001b[35mimages/kafka-logo-wide.png\u001b[39m","time":"2017-11-26T08:27:03.829Z","v":0}
{"name":"hexo","hostname":"archLinux","pid":31497,"level":20,"msg":"Processed: \u001b[35mimages/leader and follower.svg\u001b[39m","time":"2017-11-26T08:27:03.830Z","v":0}
{"name":"hexo","hostname":"archLinux","pid":31497,"level":20,"msg":"Processed: \u001b[35mimages/openwrt.png\u001b[39m","time":"2017-11-26T08:27:03.831Z","v":0}
{"name":"hexo","hostname":"archLinux","pid":31497,"level":20,"msg":"Processed: \u001b[35mimages/no-zero-copy.png\u001b[39m","time":"2017-11-26T08:27:03.831Z","v":0}
{"name":"hexo","hostname":"archLinux","pid":31497,"level":20,"msg":"Processed: \u001b[35mimages/producer-consumer.svg\u001b[39m","time":"2017-11-26T08:27:03.832Z","v":0}
{"name":"hexo","hostname":"archLinux","pid":31497,"level":20,"msg":"Processed: \u001b[35mimages/passenger-law.jpg\u001b[39m","time":"2017-11-26T08:27:03.832Z","v":0}
{"name":"hexo","hostname":"archLinux","pid":31497,"level":20,"msg":"Processed: \u001b[35mimages/receive-at-least-once.svg\u001b[39m","time":"2017-11-26T08:27:03.832Z","v":0}
{"name":"hexo","hostname":"archLinux","pid":31497,"level":20,"msg":"Processed: \u001b[35mimages/receive-at-least-once-exception.svg\u001b[39m","time":"2017-11-26T08:27:03.832Z","v":0}
{"name":"hexo","hostname":"archLinux","pid":31497,"level":20,"msg":"Processed: \u001b[35mimages/new-bingo-sites.png\u001b[39m","time":"2017-11-26T08:27:03.833Z","v":0}
{"name":"hexo","hostname":"archLinux","pid":31497,"level":20,"msg":"Processed: \u001b[35mimages/receive-at-most-once-exception.svg\u001b[39m","time":"2017-11-26T08:27:03.833Z","v":0}
{"name":"hexo","hostname":"archLinux","pid":31497,"level":20,"msg":"Processed: \u001b[35mimages/replicate.svg\u001b[39m","time":"2017-11-26T08:27:03.833Z","v":0}
{"name":"hexo","hostname":"archLinux","pid":31497,"level":20,"msg":"Processed: \u001b[35mimages/main-class-output.png\u001b[39m","time":"2017-11-26T08:27:03.833Z","v":0}
{"name":"hexo","hostname":"archLinux","pid":31497,"level":20,"msg":"Processed: \u001b[35mimages/return-immediately.svg\u001b[39m","time":"2017-11-26T08:27:03.833Z","v":0}
{"name":"hexo","hostname":"archLinux","pid":31497,"level":20,"msg":"Processed: \u001b[35mimages/scala-logo.png\u001b[39m","time":"2017-11-26T08:27:03.833Z","v":0}
{"name":"hexo","hostname":"archLinux","pid":31497,"level":20,"msg":"Processed: \u001b[35mimages/receive-at-most-once.svg\u001b[39m","time":"2017-11-26T08:27:03.833Z","v":0}
{"name":"hexo","hostname":"archLinux","pid":31497,"level":20,"msg":"Processed: \u001b[35mimages/serialization.jpg\u001b[39m","time":"2017-11-26T08:27:03.834Z","v":0}
{"name":"hexo","hostname":"archLinux","pid":31497,"level":20,"msg":"Processed: \u001b[35mimages/sleep.jpg\u001b[39m","time":"2017-11-26T08:27:03.834Z","v":0}
{"name":"hexo","hostname":"archLinux","pid":31497,"level":20,"msg":"Processed: \u001b[35mimages/smart.jpg\u001b[39m","time":"2017-11-26T08:27:03.834Z","v":0}
{"name":"hexo","hostname":"archLinux","pid":31497,"level":20,"msg":"Processed: \u001b[35mimages/systemd.jpg\u001b[39m","time":"2017-11-26T08:27:03.834Z","v":0}
{"name":"hexo","hostname":"archLinux","pid":31497,"level":20,"msg":"Processed: \u001b[35mimages/topic-partition-offset.svg\u001b[39m","time":"2017-11-26T08:27:03.834Z","v":0}
{"name":"hexo","hostname":"archLinux","pid":31497,"level":20,"msg":"Processed: \u001b[35mimages/wait-for-leader.svg\u001b[39m","time":"2017-11-26T08:27:03.835Z","v":0}
{"name":"hexo","hostname":"archLinux","pid":31497,"level":20,"msg":"Processed: \u001b[35mimages/wait-for-all.svg\u001b[39m","time":"2017-11-26T08:27:03.835Z","v":0}
{"name":"hexo","hostname":"archLinux","pid":31497,"level":20,"msg":"Processed: \u001b[35mimages/where.jpg\u001b[39m","time":"2017-11-26T08:27:03.835Z","v":0}
{"name":"hexo","hostname":"archLinux","pid":31497,"level":20,"msg":"Processed: \u001b[35mimages/y=1_over_x.png\u001b[39m","time":"2017-11-26T08:27:03.835Z","v":0}
{"name":"hexo","hostname":"archLinux","pid":31497,"level":20,"msg":"Processed: \u001b[35mimages/xl-2017-linux-1.jpg\u001b[39m","time":"2017-11-26T08:27:03.835Z","v":0}
{"name":"hexo","hostname":"archLinux","pid":31497,"level":20,"msg":"Processed: \u001b[35mimages/zero-copy.png\u001b[39m","time":"2017-11-26T08:27:03.835Z","v":0}
{"name":"hexo","hostname":"archLinux","pid":31497,"level":20,"msg":"Processed: \u001b[35mimages/This-Guy-Rocks1.jpg\u001b[39m","time":"2017-11-26T08:27:03.844Z","v":0}
{"name":"hexo","hostname":"archLinux","pid":31497,"level":20,"msg":"Processed: \u001b[35mimages/call.jpg\u001b[39m","time":"2017-11-26T08:27:03.844Z","v":0}
{"name":"hexo","hostname":"archLinux","pid":31497,"level":20,"msg":"Processed: \u001b[35mimages/do-the-right-thing.jpg\u001b[39m","time":"2017-11-26T08:27:03.844Z","v":0}
{"name":"hexo","hostname":"archLinux","pid":31497,"level":20,"msg":"Processed: \u001b[35mimages/empty.jpg\u001b[39m","time":"2017-11-26T08:27:03.844Z","v":0}
{"name":"hexo","hostname":"archLinux","pid":31497,"level":20,"msg":"Processed: \u001b[35mimages/combination.jpg\u001b[39m","time":"2017-11-26T08:27:03.844Z","v":0}
{"name":"hexo","hostname":"archLinux","pid":31497,"level":20,"msg":"Processed: \u001b[35mimages/hadoop.png\u001b[39m","time":"2017-11-26T08:27:03.844Z","v":0}
{"name":"hexo","hostname":"archLinux","pid":31497,"level":20,"msg":"Processed: \u001b[35mimages/green-lit-numbers.jpg\u001b[39m","time":"2017-11-26T08:27:03.844Z","v":0}
{"name":"hexo","hostname":"archLinux","pid":31497,"level":20,"msg":"Theme config loaded.","time":"2017-11-26T08:27:03.851Z","v":0}
{"name":"hexo","hostname":"archLinux","pid":31497,"level":20,"msg":"Processed: \u001b[35m_config.yml\u001b[39m","time":"2017-11-26T08:27:03.852Z","v":0}
{"name":"hexo","hostname":"archLinux","pid":31497,"level":20,"msg":"Processed: \u001b[35mimages/input.png\u001b[39m","time":"2017-11-26T08:27:03.852Z","v":0}
{"name":"hexo","hostname":"archLinux","pid":31497,"level":20,"msg":"Processed: \u001b[35mimages/refund.png\u001b[39m","time":"2017-11-26T08:27:03.852Z","v":0}
{"name":"hexo","hostname":"archLinux","pid":31497,"level":20,"msg":"Processed: \u001b[35msource/js/insight.js\u001b[39m","time":"2017-11-26T08:27:03.853Z","v":0}
{"name":"hexo","hostname":"archLinux","pid":31497,"level":20,"msg":"Processed: \u001b[35msource/js/main.js\u001b[39m","time":"2017-11-26T08:27:03.853Z","v":0}
{"name":"hexo","hostname":"archLinux","pid":31497,"level":20,"msg":"Processed: \u001b[35msource/css/style.styl\u001b[39m","time":"2017-11-26T08:27:03.853Z","v":0}
{"name":"hexo","hostname":"archLinux","pid":31497,"level":20,"msg":"Processed: \u001b[35m_posts/使用深度学习来判断代码语言.md\u001b[39m","time":"2017-11-26T08:27:03.866Z","v":0}
{"name":"hexo","hostname":"archLinux","pid":31497,"level":20,"msg":"Processed: \u001b[35mimages/plane.png\u001b[39m","time":"2017-11-26T08:27:03.866Z","v":0}
{"name":"hexo","hostname":"archLinux","pid":31497,"level":20,"msg":"Processed: \u001b[35mimages/time.jpg\u001b[39m","time":"2017-11-26T08:27:03.866Z","v":0}
{"name":"hexo","hostname":"archLinux","pid":31497,"level":20,"msg":"Processed: \u001b[35mlayout/archive.ejs\u001b[39m","time":"2017-11-26T08:27:03.876Z","v":0}
{"name":"hexo","hostname":"archLinux","pid":31497,"level":20,"msg":"Processed: \u001b[35mlayout/index.ejs\u001b[39m","time":"2017-11-26T08:27:03.876Z","v":0}
{"name":"hexo","hostname":"archLinux","pid":31497,"level":20,"msg":"Processed: \u001b[35mlayout/category.ejs\u001b[39m","time":"2017-11-26T08:27:03.876Z","v":0}
{"name":"hexo","hostname":"archLinux","pid":31497,"level":20,"msg":"Processed: \u001b[35mlayout/layout.ejs\u001b[39m","time":"2017-11-26T08:27:03.876Z","v":0}
{"name":"hexo","hostname":"archLinux","pid":31497,"level":20,"msg":"Processed: \u001b[35mlayout/page.ejs\u001b[39m","time":"2017-11-26T08:27:03.876Z","v":0}
{"name":"hexo","hostname":"archLinux","pid":31497,"level":20,"msg":"Processed: \u001b[35mlayout/post.ejs\u001b[39m","time":"2017-11-26T08:27:03.876Z","v":0}
{"name":"hexo","hostname":"archLinux","pid":31497,"level":20,"msg":"Processed: \u001b[35mlayout/tag.ejs\u001b[39m","time":"2017-11-26T08:27:03.876Z","v":0}
{"name":"hexo","hostname":"archLinux","pid":31497,"level":20,"msg":"Processed: \u001b[35mlanguages/fr.yml\u001b[39m","time":"2017-11-26T08:27:03.884Z","v":0}
{"name":"hexo","hostname":"archLinux","pid":31497,"level":20,"msg":"Processed: \u001b[35mlanguages/es.yml\u001b[39m","time":"2017-11-26T08:27:03.884Z","v":0}
{"name":"hexo","hostname":"archLinux","pid":31497,"level":20,"msg":"Processed: \u001b[35mlanguages/ca.yml\u001b[39m","time":"2017-11-26T08:27:03.884Z","v":0}
{"name":"hexo","hostname":"archLinux","pid":31497,"level":20,"msg":"Processed: \u001b[35mlanguages/en.yml\u001b[39m","time":"2017-11-26T08:27:03.884Z","v":0}
{"name":"hexo","hostname":"archLinux","pid":31497,"level":20,"msg":"Processed: \u001b[35mlanguages/id.yml\u001b[39m","time":"2017-11-26T08:27:03.884Z","v":0}
{"name":"hexo","hostname":"archLinux","pid":31497,"level":20,"msg":"Processed: \u001b[35mlanguages/pt-BR.yml\u001b[39m","time":"2017-11-26T08:27:03.884Z","v":0}
{"name":"hexo","hostname":"archLinux","pid":31497,"level":20,"msg":"Processed: \u001b[35mlanguages/ru.yml\u001b[39m","time":"2017-11-26T08:27:03.884Z","v":0}
{"name":"hexo","hostname":"archLinux","pid":31497,"level":20,"msg":"Processed: \u001b[35mlanguages/zh-CN.yml\u001b[39m","time":"2017-11-26T08:27:03.884Z","v":0}
{"name":"hexo","hostname":"archLinux","pid":31497,"level":20,"msg":"Processed: \u001b[35mimages/mathjax.png\u001b[39m","time":"2017-11-26T08:27:03.885Z","v":0}
{"name":"hexo","hostname":"archLinux","pid":31497,"level":20,"msg":"Processed: \u001b[35msource/css/images/logo-header.png\u001b[39m","time":"2017-11-26T08:27:03.887Z","v":0}
{"name":"hexo","hostname":"archLinux","pid":31497,"level":20,"msg":"Processed: \u001b[35msource/css/images/opacity-10.png\u001b[39m","time":"2017-11-26T08:27:03.887Z","v":0}
{"name":"hexo","hostname":"archLinux","pid":31497,"level":20,"msg":"Processed: \u001b[35msource/css/images/s-left.png\u001b[39m","time":"2017-11-26T08:27:03.887Z","v":0}
{"name":"hexo","hostname":"archLinux","pid":31497,"level":20,"msg":"Processed: \u001b[35msource/css/images/thumb-default-small.png\u001b[39m","time":"2017-11-26T08:27:03.888Z","v":0}
{"name":"hexo","hostname":"archLinux","pid":31497,"level":20,"msg":"Processed: \u001b[35msource/css/images/thumb-default.png\u001b[39m","time":"2017-11-26T08:27:03.888Z","v":0}
{"name":"hexo","hostname":"archLinux","pid":31497,"level":20,"msg":"Processed: \u001b[35msource/vendor/fancybox/blank.gif\u001b[39m","time":"2017-11-26T08:27:03.888Z","v":0}
{"name":"hexo","hostname":"archLinux","pid":31497,"level":20,"msg":"Processed: \u001b[35msource/vendor/fancybox/fancybox_loading.gif\u001b[39m","time":"2017-11-26T08:27:03.888Z","v":0}
{"name":"hexo","hostname":"archLinux","pid":31497,"level":20,"msg":"Processed: \u001b[35msource/vendor/fancybox/fancybox_loading@2x.gif\u001b[39m","time":"2017-11-26T08:27:03.888Z","v":0}
{"name":"hexo","hostname":"archLinux","pid":31497,"level":20,"msg":"Processed: \u001b[35msource/vendor/fancybox/fancybox_overlay.png\u001b[39m","time":"2017-11-26T08:27:03.889Z","v":0}
{"name":"hexo","hostname":"archLinux","pid":31497,"level":20,"msg":"Processed: \u001b[35msource/vendor/fancybox/fancybox_sprite.png\u001b[39m","time":"2017-11-26T08:27:03.890Z","v":0}
{"name":"hexo","hostname":"archLinux","pid":31497,"level":20,"msg":"Processed: \u001b[35msource/vendor/fancybox/fancybox_sprite@2x.png\u001b[39m","time":"2017-11-26T08:27:03.890Z","v":0}
{"name":"hexo","hostname":"archLinux","pid":31497,"level":20,"msg":"Processed: \u001b[35msource/vendor/fancybox/jquery.fancybox.css\u001b[39m","time":"2017-11-26T08:27:03.890Z","v":0}
{"name":"hexo","hostname":"archLinux","pid":31497,"level":20,"msg":"Processed: \u001b[35msource/vendor/fancybox/jquery.fancybox.pack.js\u001b[39m","time":"2017-11-26T08:27:03.890Z","v":0}
{"name":"hexo","hostname":"archLinux","pid":31497,"level":20,"msg":"Processed: \u001b[35msource/vendor/fancybox/jquery.fancybox.js\u001b[39m","time":"2017-11-26T08:27:03.890Z","v":0}
{"name":"hexo","hostname":"archLinux","pid":31497,"level":20,"msg":"Processed: \u001b[35msource/vendor/source-code-pro/styles.css\u001b[39m","time":"2017-11-26T08:27:03.890Z","v":0}
{"name":"hexo","hostname":"archLinux","pid":31497,"level":20,"msg":"Processed: \u001b[35msource/vendor/scrollLoading/jquery.scrollLoading.js\u001b[39m","time":"2017-11-26T08:27:03.890Z","v":0}
{"name":"hexo","hostname":"archLinux","pid":31497,"level":20,"msg":"Processed: \u001b[35msource/vendor/scrollLoading/main.js\u001b[39m","time":"2017-11-26T08:27:03.891Z","v":0}
{"name":"hexo","hostname":"archLinux","pid":31497,"level":20,"msg":"Processed: \u001b[35msource/vendor/scrollLoading/style.css\u001b[39m","time":"2017-11-26T08:27:03.891Z","v":0}
{"name":"hexo","hostname":"archLinux","pid":31497,"level":20,"msg":"Processed: \u001b[35msource/vendor/titillium-web/styles.css\u001b[39m","time":"2017-11-26T08:27:03.891Z","v":0}
{"name":"hexo","hostname":"archLinux","pid":31497,"level":20,"msg":"Processed: \u001b[35mlayout/comment/disqus.ejs\u001b[39m","time":"2017-11-26T08:27:03.909Z","v":0}
{"name":"hexo","hostname":"archLinux","pid":31497,"level":20,"msg":"Processed: \u001b[35mlayout/comment/counter.ejs\u001b[39m","time":"2017-11-26T08:27:03.909Z","v":0}
{"name":"hexo","hostname":"archLinux","pid":31497,"level":20,"msg":"Processed: \u001b[35mlayout/comment/index.ejs\u001b[39m","time":"2017-11-26T08:27:03.909Z","v":0}
{"name":"hexo","hostname":"archLinux","pid":31497,"level":20,"msg":"Processed: \u001b[35mlayout/comment/scripts.ejs\u001b[39m","time":"2017-11-26T08:27:03.909Z","v":0}
{"name":"hexo","hostname":"archLinux","pid":31497,"level":20,"msg":"Processed: \u001b[35mlayout/comment/duoshuo.ejs\u001b[39m","time":"2017-11-26T08:27:03.909Z","v":0}
{"name":"hexo","hostname":"archLinux","pid":31497,"level":20,"msg":"Processed: \u001b[35mlayout/comment/youyan.ejs\u001b[39m","time":"2017-11-26T08:27:03.910Z","v":0}
{"name":"hexo","hostname":"archLinux","pid":31497,"level":20,"msg":"Processed: \u001b[35mlayout/common/archive.ejs\u001b[39m","time":"2017-11-26T08:27:03.910Z","v":0}
{"name":"hexo","hostname":"archLinux","pid":31497,"level":20,"msg":"Processed: \u001b[35mlayout/common/article.ejs\u001b[39m","time":"2017-11-26T08:27:03.910Z","v":0}
{"name":"hexo","hostname":"archLinux","pid":31497,"level":20,"msg":"Processed: \u001b[35mlayout/common/header.ejs\u001b[39m","time":"2017-11-26T08:27:03.910Z","v":0}
{"name":"hexo","hostname":"archLinux","pid":31497,"level":20,"msg":"Processed: \u001b[35mlayout/common/footer.ejs\u001b[39m","time":"2017-11-26T08:27:03.910Z","v":0}
{"name":"hexo","hostname":"archLinux","pid":31497,"level":20,"msg":"Processed: \u001b[35mlayout/common/content-title.ejs\u001b[39m","time":"2017-11-26T08:27:03.910Z","v":0}
{"name":"hexo","hostname":"archLinux","pid":31497,"level":20,"msg":"Processed: \u001b[35mlayout/common/scripts.ejs\u001b[39m","time":"2017-11-26T08:27:03.910Z","v":0}
{"name":"hexo","hostname":"archLinux","pid":31497,"level":20,"msg":"Processed: \u001b[35mlayout/common/sidebar.ejs\u001b[39m","time":"2017-11-26T08:27:03.910Z","v":0}
{"name":"hexo","hostname":"archLinux","pid":31497,"level":20,"msg":"Processed: \u001b[35mlayout/common/summary.ejs\u001b[39m","time":"2017-11-26T08:27:03.910Z","v":0}
{"name":"hexo","hostname":"archLinux","pid":31497,"level":20,"msg":"Processed: \u001b[35mlayout/common/thumbnail.ejs\u001b[39m","time":"2017-11-26T08:27:03.910Z","v":0}
{"name":"hexo","hostname":"archLinux","pid":31497,"level":20,"msg":"Processed: \u001b[35mlayout/common/head.ejs\u001b[39m","time":"2017-11-26T08:27:03.910Z","v":0}
{"name":"hexo","hostname":"archLinux","pid":31497,"level":20,"msg":"Processed: \u001b[35mlayout/plugin/google-analytics.ejs\u001b[39m","time":"2017-11-26T08:27:03.910Z","v":0}
{"name":"hexo","hostname":"archLinux","pid":31497,"level":20,"msg":"Processed: \u001b[35mlayout/plugin/baidu-analytics.ejs\u001b[39m","time":"2017-11-26T08:27:03.910Z","v":0}
{"name":"hexo","hostname":"archLinux","pid":31497,"level":20,"msg":"Processed: \u001b[35mlayout/plugin/mathjax.ejs\u001b[39m","time":"2017-11-26T08:27:03.910Z","v":0}
{"name":"hexo","hostname":"archLinux","pid":31497,"level":20,"msg":"Processed: \u001b[35mlayout/plugin/scripts.ejs\u001b[39m","time":"2017-11-26T08:27:03.910Z","v":0}
{"name":"hexo","hostname":"archLinux","pid":31497,"level":20,"msg":"Processed: \u001b[35mlayout/search/index.ejs\u001b[39m","time":"2017-11-26T08:27:03.910Z","v":0}
{"name":"hexo","hostname":"archLinux","pid":31497,"level":20,"msg":"Processed: \u001b[35mlayout/search/baidu.ejs\u001b[39m","time":"2017-11-26T08:27:03.910Z","v":0}
{"name":"hexo","hostname":"archLinux","pid":31497,"level":20,"msg":"Processed: \u001b[35mlayout/search/insight.ejs\u001b[39m","time":"2017-11-26T08:27:03.910Z","v":0}
{"name":"hexo","hostname":"archLinux","pid":31497,"level":20,"msg":"Processed: \u001b[35mlayout/search/swiftype.ejs\u001b[39m","time":"2017-11-26T08:27:03.910Z","v":0}
{"name":"hexo","hostname":"archLinux","pid":31497,"level":20,"msg":"Processed: \u001b[35mlayout/share/bdshare.ejs\u001b[39m","time":"2017-11-26T08:27:03.910Z","v":0}
{"name":"hexo","hostname":"archLinux","pid":31497,"level":20,"msg":"Processed: \u001b[35mlayout/share/index.ejs\u001b[39m","time":"2017-11-26T08:27:03.910Z","v":0}
{"name":"hexo","hostname":"archLinux","pid":31497,"level":20,"msg":"Processed: \u001b[35mlayout/share/default.ejs\u001b[39m","time":"2017-11-26T08:27:03.910Z","v":0}
{"name":"hexo","hostname":"archLinux","pid":31497,"level":20,"msg":"Processed: \u001b[35mlayout/share/addtoany.ejs\u001b[39m","time":"2017-11-26T08:27:03.910Z","v":0}
{"name":"hexo","hostname":"archLinux","pid":31497,"level":20,"msg":"Processed: \u001b[35mlayout/share/jiathis.ejs\u001b[39m","time":"2017-11-26T08:27:03.910Z","v":0}
{"name":"hexo","hostname":"archLinux","pid":31497,"level":20,"msg":"Processed: \u001b[35mlayout/widget/archive.ejs\u001b[39m","time":"2017-11-26T08:27:03.910Z","v":0}
{"name":"hexo","hostname":"archLinux","pid":31497,"level":20,"msg":"Processed: \u001b[35mlayout/widget/category.ejs\u001b[39m","time":"2017-11-26T08:27:03.910Z","v":0}
{"name":"hexo","hostname":"archLinux","pid":31497,"level":20,"msg":"Processed: \u001b[35mlayout/widget/recent_posts.ejs\u001b[39m","time":"2017-11-26T08:27:03.910Z","v":0}
{"name":"hexo","hostname":"archLinux","pid":31497,"level":20,"msg":"Processed: \u001b[35mlayout/widget/links.ejs\u001b[39m","time":"2017-11-26T08:27:03.910Z","v":0}
{"name":"hexo","hostname":"archLinux","pid":31497,"level":20,"msg":"Processed: \u001b[35mlayout/widget/tag.ejs\u001b[39m","time":"2017-11-26T08:27:03.910Z","v":0}
{"name":"hexo","hostname":"archLinux","pid":31497,"level":20,"msg":"Processed: \u001b[35mlayout/widget/tagcloud.ejs\u001b[39m","time":"2017-11-26T08:27:03.910Z","v":0}
{"name":"hexo","hostname":"archLinux","pid":31497,"level":20,"msg":"Processed: \u001b[35msource/vendor/fancybox/helpers/fancybox_buttons.png\u001b[39m","time":"2017-11-26T08:27:03.912Z","v":0}
{"name":"hexo","hostname":"archLinux","pid":31497,"level":20,"msg":"Processed: \u001b[35msource/vendor/fancybox/helpers/jquery.fancybox-buttons.js\u001b[39m","time":"2017-11-26T08:27:03.912Z","v":0}
{"name":"hexo","hostname":"archLinux","pid":31497,"level":20,"msg":"Processed: \u001b[35msource/vendor/fancybox/helpers/jquery.fancybox-buttons.css\u001b[39m","time":"2017-11-26T08:27:03.912Z","v":0}
{"name":"hexo","hostname":"archLinux","pid":31497,"level":20,"msg":"Processed: \u001b[35msource/vendor/fancybox/helpers/jquery.fancybox-media.js\u001b[39m","time":"2017-11-26T08:27:03.912Z","v":0}
{"name":"hexo","hostname":"archLinux","pid":31497,"level":20,"msg":"Processed: \u001b[35msource/vendor/fancybox/helpers/jquery.fancybox-thumbs.css\u001b[39m","time":"2017-11-26T08:27:03.912Z","v":0}
{"name":"hexo","hostname":"archLinux","pid":31497,"level":20,"msg":"Processed: \u001b[35msource/vendor/fancybox/helpers/jquery.fancybox-thumbs.js\u001b[39m","time":"2017-11-26T08:27:03.912Z","v":0}
{"name":"hexo","hostname":"archLinux","pid":31497,"level":20,"msg":"Processed: \u001b[35msource/vendor/font-awesome/css/font-awesome.min.css\u001b[39m","time":"2017-11-26T08:27:03.912Z","v":0}
{"name":"hexo","hostname":"archLinux","pid":31497,"level":20,"msg":"Processed: \u001b[35msource/vendor/source-code-pro/fonts/mrl8jkM18OlOQN8JLgasD9V_2ngZ8dMf8fLgjYEouxg.woff2\u001b[39m","time":"2017-11-26T08:27:03.912Z","v":0}
{"name":"hexo","hostname":"archLinux","pid":31497,"level":20,"msg":"Processed: \u001b[35msource/vendor/source-code-pro/fonts/mrl8jkM18OlOQN8JLgasDy2Q8seG17bfDXYR_jUsrzg.woff2\u001b[39m","time":"2017-11-26T08:27:03.913Z","v":0}
{"name":"hexo","hostname":"archLinux","pid":31497,"level":20,"msg":"Processed: \u001b[35msource/vendor/font-awesome/fonts/fontawesome-webfont.woff2\u001b[39m","time":"2017-11-26T08:27:03.913Z","v":0}
{"name":"hexo","hostname":"archLinux","pid":31497,"level":20,"msg":"Processed: \u001b[35msource/vendor/scrollLoading/images/preloader.gif\u001b[39m","time":"2017-11-26T08:27:03.913Z","v":0}
{"name":"hexo","hostname":"archLinux","pid":31497,"level":20,"msg":"Processed: \u001b[35msource/vendor/scrollLoading/images/preloader@2x.gif\u001b[39m","time":"2017-11-26T08:27:03.913Z","v":0}
{"name":"hexo","hostname":"archLinux","pid":31497,"level":20,"msg":"Processed: \u001b[35msource/vendor/titillium-web/fonts/7XUFZ5tgS-tD6QamInJTcSo_WB_cotcEMUw1LsIE8mM.woff2\u001b[39m","time":"2017-11-26T08:27:03.913Z","v":0}
{"name":"hexo","hostname":"archLinux","pid":31497,"level":20,"msg":"Processed: \u001b[35msource/vendor/titillium-web/fonts/7XUFZ5tgS-tD6QamInJTcZSnX671uNZIV63UdXh3Mg0.woff2\u001b[39m","time":"2017-11-26T08:27:03.913Z","v":0}
{"name":"hexo","hostname":"archLinux","pid":31497,"level":20,"msg":"Processed: \u001b[35msource/vendor/titillium-web/fonts/anMUvcNT0H1YN4FII8wpr4-67659ICLY8bMrYhtePPA.woff2\u001b[39m","time":"2017-11-26T08:27:03.913Z","v":0}
{"name":"hexo","hostname":"archLinux","pid":31497,"level":20,"msg":"Processed: \u001b[35msource/vendor/titillium-web/fonts/anMUvcNT0H1YN4FII8wpr46gJz9aNFrmnwBdd69aqzY.woff2\u001b[39m","time":"2017-11-26T08:27:03.913Z","v":0}
{"name":"hexo","hostname":"archLinux","pid":31497,"level":20,"msg":"Processed: \u001b[35msource/vendor/titillium-web/fonts/anMUvcNT0H1YN4FII8wpr9INifKjd1RJ3NxxEi9Cy2w.woff2\u001b[39m","time":"2017-11-26T08:27:03.913Z","v":0}
{"name":"hexo","hostname":"archLinux","pid":31497,"level":20,"msg":"Processed: \u001b[35msource/vendor/titillium-web/fonts/anMUvcNT0H1YN4FII8wpr_SNRT0fZ5CX-AqRkMYgJJo.woff2\u001b[39m","time":"2017-11-26T08:27:03.913Z","v":0}
{"name":"hexo","hostname":"archLinux","pid":31497,"level":20,"msg":"Processed: \u001b[35msource/vendor/jquery/2.0.3/jquery.min.js\u001b[39m","time":"2017-11-26T08:27:03.916Z","v":0}
{"name":"hexo","hostname":"archLinux","pid":31497,"level":20,"msg":"Processed: \u001b[35msource/vendor/font-awesome/fonts/FontAwesome.otf\u001b[39m","time":"2017-11-26T08:27:03.916Z","v":0}
{"name":"hexo","hostname":"archLinux","pid":31497,"level":20,"msg":"Processed: \u001b[35msource/vendor/font-awesome/fonts/fontawesome-webfont.eot\u001b[39m","time":"2017-11-26T08:27:03.916Z","v":0}
{"name":"hexo","hostname":"archLinux","pid":31497,"level":20,"msg":"Processed: \u001b[35msource/vendor/font-awesome/fonts/fontawesome-webfont.woff\u001b[39m","time":"2017-11-26T08:27:03.916Z","v":0}
{"name":"hexo","hostname":"archLinux","pid":31497,"level":20,"msg":"Processed: \u001b[35mlayout/common/post/date.ejs\u001b[39m","time":"2017-11-26T08:27:03.922Z","v":0}
{"name":"hexo","hostname":"archLinux","pid":31497,"level":20,"msg":"Processed: \u001b[35mlayout/common/post/nav.ejs\u001b[39m","time":"2017-11-26T08:27:03.922Z","v":0}
{"name":"hexo","hostname":"archLinux","pid":31497,"level":20,"msg":"Processed: \u001b[35mlayout/common/post/category.ejs\u001b[39m","time":"2017-11-26T08:27:03.922Z","v":0}
{"name":"hexo","hostname":"archLinux","pid":31497,"level":20,"msg":"Processed: \u001b[35mlayout/common/post/tag.ejs\u001b[39m","time":"2017-11-26T08:27:03.922Z","v":0}
{"name":"hexo","hostname":"archLinux","pid":31497,"level":20,"msg":"Processed: \u001b[35mlayout/common/post/title.ejs\u001b[39m","time":"2017-11-26T08:27:03.922Z","v":0}
{"name":"hexo","hostname":"archLinux","pid":31497,"level":20,"msg":"Processed: \u001b[35msource/vendor/font-awesome/fonts/fontawesome-webfont.ttf\u001b[39m","time":"2017-11-26T08:27:03.922Z","v":0}
{"name":"hexo","hostname":"archLinux","pid":31497,"level":20,"msg":"Processed: \u001b[35msource/vendor/font-awesome/fonts/fontawesome-webfont.svg\u001b[39m","time":"2017-11-26T08:27:03.926Z","v":0}
{"name":"hexo","hostname":"archLinux","pid":31497,"level":20,"msg":"Processed: \u001b[35mimages/i3wm_screenshot.png\u001b[39m","time":"2017-11-26T08:27:03.955Z","v":0}
{"name":"hexo","hostname":"archLinux","pid":31497,"level":20,"msg":"Generator: \u001b[35mpage\u001b[39m","time":"2017-11-26T08:27:04.238Z","v":0}
{"name":"hexo","hostname":"archLinux","pid":31497,"level":20,"msg":"Generator: \u001b[35mpost\u001b[39m","time":"2017-11-26T08:27:04.238Z","v":0}
{"name":"hexo","hostname":"archLinux","pid":31497,"level":20,"msg":"Generator: \u001b[35marchive\u001b[39m","time":"2017-11-26T08:27:04.238Z","v":0}
{"name":"hexo","hostname":"archLinux","pid":31497,"level":20,"msg":"Generator: \u001b[35mcategory\u001b[39m","time":"2017-11-26T08:27:04.238Z","v":0}
{"name":"hexo","hostname":"archLinux","pid":31497,"level":20,"msg":"Generator: \u001b[35mgenerator-0\u001b[39m","time":"2017-11-26T08:27:04.238Z","v":0}
{"name":"hexo","hostname":"archLinux","pid":31497,"level":20,"msg":"Generator: \u001b[35mindex\u001b[39m","time":"2017-11-26T08:27:04.238Z","v":0}
{"name":"hexo","hostname":"archLinux","pid":31497,"level":20,"msg":"Generator: \u001b[35mjson-content\u001b[39m","time":"2017-11-26T08:27:04.238Z","v":0}
{"name":"hexo","hostname":"archLinux","pid":31497,"level":20,"msg":"Generator: \u001b[35mtag\u001b[39m","time":"2017-11-26T08:27:04.238Z","v":0}
{"name":"hexo","hostname":"archLinux","pid":31497,"level":20,"msg":"Generator: \u001b[35masset\u001b[39m","time":"2017-11-26T08:27:04.239Z","v":0}
{"name":"hexo","hostname":"archLinux","pid":31497,"level":30,"msg":"Hexo is running at \u001b[4mhttp://localhost:4000/\u001b[24m. Press Ctrl+C to stop.","time":"2017-11-26T08:27:04.261Z","v":0}
{"name":"hexo","hostname":"archLinux","pid":31497,"level":20,"msg":"Database saved","time":"2017-11-26T08:27:04.292Z","v":0}
{"name":"hexo","hostname":"archLinux","pid":31497,"level":20,"msg":"Rendering post: \u001b[35m2017/11/26/使用深度学习来判断代码语言/index.html\u001b[39m","time":"2017-11-26T08:27:10.254Z","v":0}
{"name":"hexo","hostname":"archLinux","pid":31497,"level":20,"msg":"Rendering post: \u001b[35m2017/10/07/Right-associativity-in-Scala/index.html\u001b[39m","time":"2017-11-26T08:27:52.376Z","v":0}
{"name":"hexo","hostname":"archLinux","pid":31497,"level":20,"msg":"Rendering post: \u001b[35m2017/10/06/Cast-away-on-the-moon/index.html\u001b[39m","time":"2017-11-26T08:27:57.920Z","v":0}
{"name":"hexo","hostname":"archLinux","pid":31497,"level":30,"msg":"Bye!","time":"2017-11-26T08:28:10.623Z","v":0}
{"name":"hexo","hostname":"archLinux","pid":31497,"level":20,"msg":"Database saved","time":"2017-11-26T08:28:10.659Z","v":0}
